<?xml version="1.0" encoding="UTF-8"?>
<coverage generated="1523075087141" clover="3.2.0">
  <project timestamp="1523075087142" name="All files">
    <metrics statements="94" coveredstatements="85" conditionals="125" coveredconditionals="65" methods="106" coveredmethods="86" elements="325" coveredelements="236" complexity="0" loc="94" ncloc="94" packages="1" files="5" classes="5">
      <file name="array.js" path="/home/phytertek/scratch/fp/lib/array.js">
        <metrics statements="32" coveredstatements="24" conditionals="41" coveredconditionals="16" methods="44" coveredmethods="27"/>
        <line num="1" count="1" type="stmt"/>
        <line num="3" count="30" type="cond" truecount="2" falsecount="0"/>
        <line num="17" count="0" type="stmt"/>
        <line num="19" count="0" type="stmt"/>
        <line num="21" count="0" type="stmt"/>
        <line num="23" count="0" type="stmt"/>
        <line num="24" count="0" type="stmt"/>
        <line num="25" count="0" type="stmt"/>
        <line num="26" count="0" type="stmt"/>
        <line num="29" count="0" type="stmt"/>
        <line num="31" count="30" type="stmt"/>
        <line num="36" count="1" type="cond" truecount="0" falsecount="1"/>
        <line num="38" count="1" type="cond" truecount="0" falsecount="1"/>
        <line num="40" count="1" type="cond" truecount="0" falsecount="1"/>
        <line num="42" count="1" type="cond" truecount="0" falsecount="1"/>
        <line num="44" count="1" type="cond" truecount="0" falsecount="1"/>
        <line num="46" count="1" type="cond" truecount="0" falsecount="1"/>
        <line num="48" count="9" type="cond" truecount="2" falsecount="1"/>
        <line num="50" count="3" type="cond" truecount="2" falsecount="1"/>
        <line num="52" count="1" type="cond" truecount="0" falsecount="1"/>
        <line num="54" count="1" type="stmt"/>
        <line num="56" count="1" type="cond" truecount="0" falsecount="2"/>
        <line num="58" count="1" type="cond" truecount="0" falsecount="2"/>
        <line num="60" count="1" type="cond" truecount="0" falsecount="2"/>
        <line num="62" count="1" type="cond" truecount="0" falsecount="2"/>
        <line num="64" count="1" type="cond" truecount="0" falsecount="1"/>
        <line num="65" count="5" type="stmt"/>
        <line num="66" count="11" type="cond" truecount="2" falsecount="0"/>
        <line num="70" count="2" type="cond" truecount="0" falsecount="2"/>
        <line num="72" count="1" type="cond" truecount="0" falsecount="3"/>
        <line num="78" count="1" type="cond" truecount="0" falsecount="2"/>
        <line num="84" count="1" type="stmt"/>
      </file>
      <file name="function.js" path="/home/phytertek/scratch/fp/lib/function.js">
        <metrics statements="14" coveredstatements="14" conditionals="4" coveredconditionals="4" methods="8" coveredmethods="8"/>
        <line num="1" count="1" type="stmt"/>
        <line num="3" count="1" type="stmt"/>
        <line num="4" count="1" type="stmt"/>
        <line num="6" count="1" type="stmt"/>
        <line num="7" count="2" type="cond" truecount="2" falsecount="0"/>
        <line num="8" count="1" type="stmt"/>
        <line num="9" count="1" type="stmt"/>
        <line num="10" count="1" type="stmt"/>
        <line num="14" count="1" type="stmt"/>
        <line num="15" count="1" type="stmt"/>
        <line num="16" count="1" type="stmt"/>
        <line num="17" count="1" type="stmt"/>
        <line num="21" count="3" type="cond" truecount="2" falsecount="0"/>
        <line num="23" count="1" type="stmt"/>
      </file>
      <file name="logic.js" path="/home/phytertek/scratch/fp/lib/logic.js">
        <metrics statements="2" coveredstatements="2" conditionals="2" coveredconditionals="2" methods="2" coveredmethods="2"/>
        <line num="1" count="2" type="cond" truecount="2" falsecount="0"/>
        <line num="2" count="1" type="stmt"/>
      </file>
      <file name="math.js" path="/home/phytertek/scratch/fp/lib/math.js">
        <metrics statements="19" coveredstatements="19" conditionals="22" coveredconditionals="13" methods="19" coveredmethods="19"/>
        <line num="1" count="49" type="stmt"/>
        <line num="3" count="1" type="stmt"/>
        <line num="4" count="52" type="cond" truecount="2" falsecount="0"/>
        <line num="6" count="26" type="cond" truecount="2" falsecount="2"/>
        <line num="8" count="13" type="stmt"/>
        <line num="10" count="2" type="stmt"/>
        <line num="12" count="1" type="stmt"/>
        <line num="14" count="3" type="stmt"/>
        <line num="16" count="1" type="stmt"/>
        <line num="18" count="1" type="cond" truecount="0" falsecount="1"/>
        <line num="20" count="1" type="cond" truecount="0" falsecount="1"/>
        <line num="22" count="1" type="cond" truecount="0" falsecount="1"/>
        <line num="23" count="12" type="cond" truecount="2" falsecount="0"/>
        <line num="25" count="2" type="cond" truecount="0" falsecount="1"/>
        <line num="27" count="1" type="cond" truecount="0" falsecount="1"/>
        <line num="28" count="1" type="cond" truecount="1" falsecount="1"/>
        <line num="32" count="22" type="cond" truecount="4" falsecount="0"/>
        <line num="40" count="2" type="cond" truecount="2" falsecount="1"/>
        <line num="42" count="1" type="stmt"/>
      </file>
      <file name="object.js" path="/home/phytertek/scratch/fp/lib/object.js">
        <metrics statements="27" coveredstatements="26" conditionals="56" coveredconditionals="30" methods="33" coveredmethods="30"/>
        <line num="1" count="3" type="cond" truecount="1" falsecount="1"/>
        <line num="3" count="1" type="cond" truecount="0" falsecount="2"/>
        <line num="4" count="2" type="cond" truecount="2" falsecount="0"/>
        <line num="6" count="1" type="stmt"/>
        <line num="7" count="0" type="cond" truecount="0" falsecount="2"/>
        <line num="11" count="1" type="stmt"/>
        <line num="12" count="14" type="cond" truecount="2" falsecount="0"/>
        <line num="15" count="5" type="cond" truecount="5" falsecount="0"/>
        <line num="23" count="3" type="cond" truecount="5" falsecount="0"/>
        <line num="30" count="4" type="cond" truecount="0" falsecount="3"/>
        <line num="32" count="2" type="cond" truecount="0" falsecount="2"/>
        <line num="34" count="1" type="cond" truecount="0" falsecount="1"/>
        <line num="35" count="2" type="stmt"/>
        <line num="36" count="5" type="cond" truecount="2" falsecount="0"/>
        <line num="39" count="1" type="cond" truecount="0" falsecount="1"/>
        <line num="41" count="1" type="cond" truecount="0" falsecount="1"/>
        <line num="43" count="1" type="cond" truecount="0" falsecount="2"/>
        <line num="45" count="2" type="cond" truecount="1" falsecount="1"/>
        <line num="46" count="2" type="stmt"/>
        <line num="48" count="1" type="cond" truecount="0" falsecount="2"/>
        <line num="49" count="1" type="stmt"/>
        <line num="50" count="3" type="cond" truecount="2" falsecount="0"/>
        <line num="54" count="2" type="cond" truecount="0" falsecount="2"/>
        <line num="55" count="8" type="cond" truecount="4" falsecount="0"/>
        <line num="57" count="2" type="cond" truecount="0" falsecount="2"/>
        <line num="58" count="6" type="cond" truecount="2" falsecount="0"/>
        <line num="60" count="1" type="stmt"/>
      </file>
    </metrics>
  </project>
</coverage>
