{"/home/phytertek/scratch/fp/lib/array.js": {"path":"/home/phytertek/scratch/fp/lib/array.js","statementMap":{"0":{"start":{"line":1,"column":12},"end":{"line":20,"column":1}},"1":{"start":{"line":22,"column":27},"end":{"line":40,"column":1}},"2":{"start":{"line":24,"column":4},"end":{"line":36,"column":54}},"3":{"start":{"line":25,"column":22},"end":{"line":25,"column":41}},"4":{"start":{"line":25,"column":27},"end":{"line":25,"column":41}},"5":{"start":{"line":27,"column":21},"end":{"line":27,"column":42}},"6":{"start":{"line":27,"column":26},"end":{"line":27,"column":42}},"7":{"start":{"line":29,"column":23},"end":{"line":29,"column":39}},"8":{"start":{"line":29,"column":28},"end":{"line":29,"column":39}},"9":{"start":{"line":31,"column":25},"end":{"line":35,"column":15}},"10":{"start":{"line":32,"column":24},"end":{"line":32,"column":30}},"11":{"start":{"line":33,"column":16},"end":{"line":33,"column":28}},"12":{"start":{"line":34,"column":16},"end":{"line":34,"column":25}},"13":{"start":{"line":36,"column":40},"end":{"line":36,"column":46}},"14":{"start":{"line":37,"column":4},"end":{"line":37,"column":13}},"15":{"start":{"line":42,"column":12},"end":{"line":42,"column":38}},"16":{"start":{"line":42,"column":24},"end":{"line":42,"column":38}},"17":{"start":{"line":44,"column":14},"end":{"line":44,"column":36}},"18":{"start":{"line":44,"column":26},"end":{"line":44,"column":36}},"19":{"start":{"line":46,"column":16},"end":{"line":46,"column":42}},"20":{"start":{"line":46,"column":21},"end":{"line":46,"column":42}},"21":{"start":{"line":46,"column":33},"end":{"line":46,"column":42}},"22":{"start":{"line":48,"column":16},"end":{"line":48,"column":44}},"23":{"start":{"line":48,"column":28},"end":{"line":48,"column":44}},"24":{"start":{"line":50,"column":14},"end":{"line":50,"column":40}},"25":{"start":{"line":50,"column":26},"end":{"line":50,"column":40}},"26":{"start":{"line":52,"column":13},"end":{"line":52,"column":37}},"27":{"start":{"line":52,"column":25},"end":{"line":52,"column":37}},"28":{"start":{"line":54,"column":12},"end":{"line":54,"column":70}},"29":{"start":{"line":54,"column":17},"end":{"line":54,"column":70}},"30":{"start":{"line":54,"column":29},"end":{"line":54,"column":70}},"31":{"start":{"line":54,"column":49},"end":{"line":54,"column":62}},"32":{"start":{"line":56,"column":12},"end":{"line":56,"column":70}},"33":{"start":{"line":56,"column":17},"end":{"line":56,"column":70}},"34":{"start":{"line":56,"column":29},"end":{"line":56,"column":70}},"35":{"start":{"line":56,"column":49},"end":{"line":56,"column":61}},"36":{"start":{"line":58,"column":15},"end":{"line":58,"column":41}},"37":{"start":{"line":58,"column":20},"end":{"line":58,"column":41}},"38":{"start":{"line":58,"column":32},"end":{"line":58,"column":41}},"39":{"start":{"line":60,"column":16},"end":{"line":60,"column":21}},"40":{"start":{"line":62,"column":13},"end":{"line":62,"column":46}},"41":{"start":{"line":62,"column":24},"end":{"line":62,"column":46}},"42":{"start":{"line":62,"column":36},"end":{"line":62,"column":46}},"43":{"start":{"line":64,"column":17},"end":{"line":64,"column":64}},"44":{"start":{"line":64,"column":28},"end":{"line":64,"column":64}},"45":{"start":{"line":64,"column":40},"end":{"line":64,"column":64}},"46":{"start":{"line":66,"column":13},"end":{"line":66,"column":49}},"47":{"start":{"line":66,"column":24},"end":{"line":66,"column":49}},"48":{"start":{"line":66,"column":36},"end":{"line":66,"column":49}},"49":{"start":{"line":68,"column":17},"end":{"line":68,"column":61}},"50":{"start":{"line":68,"column":28},"end":{"line":68,"column":61}},"51":{"start":{"line":68,"column":40},"end":{"line":68,"column":61}},"52":{"start":{"line":70,"column":16},"end":{"line":74,"column":3}},"53":{"start":{"line":71,"column":2},"end":{"line":74,"column":3}},"54":{"start":{"line":72,"column":15},"end":{"line":72,"column":67}},"55":{"start":{"line":76,"column":15},"end":{"line":76,"column":79}},"56":{"start":{"line":76,"column":26},"end":{"line":76,"column":79}},"57":{"start":{"line":76,"column":31},"end":{"line":76,"column":79}},"58":{"start":{"line":76,"column":43},"end":{"line":76,"column":79}},"59":{"start":{"line":78,"column":18},"end":{"line":82,"column":1}},"60":{"start":{"line":78,"column":29},"end":{"line":82,"column":1}},"61":{"start":{"line":78,"column":41},"end":{"line":82,"column":1}},"62":{"start":{"line":78,"column":53},"end":{"line":82,"column":1}},"63":{"start":{"line":84,"column":15},"end":{"line":88,"column":1}},"64":{"start":{"line":84,"column":26},"end":{"line":88,"column":1}},"65":{"start":{"line":84,"column":31},"end":{"line":88,"column":1}},"66":{"start":{"line":84,"column":43},"end":{"line":88,"column":1}},"67":{"start":{"line":90,"column":19},"end":{"line":100,"column":3}},"68":{"start":{"line":90,"column":31},"end":{"line":100,"column":3}},"69":{"start":{"line":91,"column":2},"end":{"line":100,"column":3}},"70":{"start":{"line":93,"column":6},"end":{"line":98,"column":11}},"71":{"start":{"line":96,"column":23},"end":{"line":96,"column":66}},"72":{"start":{"line":102,"column":0},"end":{"line":121,"column":2}}},"fnMap":{"0":{"name":"(anonymous_0)","decl":{"start":{"line":23,"column":2},"end":{"line":23,"column":3}},"loc":{"start":{"line":23,"column":12},"end":{"line":38,"column":3}},"line":23},"1":{"name":"(anonymous_1)","decl":{"start":{"line":25,"column":8},"end":{"line":25,"column":9}},"loc":{"start":{"line":25,"column":22},"end":{"line":25,"column":41}},"line":25},"2":{"name":"(anonymous_2)","decl":{"start":{"line":25,"column":22},"end":{"line":25,"column":23}},"loc":{"start":{"line":25,"column":27},"end":{"line":25,"column":41}},"line":25},"3":{"name":"(anonymous_3)","decl":{"start":{"line":27,"column":10},"end":{"line":27,"column":11}},"loc":{"start":{"line":27,"column":21},"end":{"line":27,"column":42}},"line":27},"4":{"name":"(anonymous_4)","decl":{"start":{"line":27,"column":21},"end":{"line":27,"column":22}},"loc":{"start":{"line":27,"column":26},"end":{"line":27,"column":42}},"line":27},"5":{"name":"(anonymous_5)","decl":{"start":{"line":29,"column":12},"end":{"line":29,"column":13}},"loc":{"start":{"line":29,"column":23},"end":{"line":29,"column":39}},"line":29},"6":{"name":"(anonymous_6)","decl":{"start":{"line":29,"column":23},"end":{"line":29,"column":24}},"loc":{"start":{"line":29,"column":28},"end":{"line":29,"column":39}},"line":29},"7":{"name":"(anonymous_7)","decl":{"start":{"line":31,"column":14},"end":{"line":31,"column":15}},"loc":{"start":{"line":31,"column":25},"end":{"line":35,"column":15}},"line":31},"8":{"name":"(anonymous_8)","decl":{"start":{"line":31,"column":25},"end":{"line":31,"column":26}},"loc":{"start":{"line":31,"column":30},"end":{"line":35,"column":15}},"line":31},"9":{"name":"(anonymous_9)","decl":{"start":{"line":36,"column":35},"end":{"line":36,"column":36}},"loc":{"start":{"line":36,"column":40},"end":{"line":36,"column":46}},"line":36},"10":{"name":"(anonymous_10)","decl":{"start":{"line":42,"column":12},"end":{"line":42,"column":13}},"loc":{"start":{"line":42,"column":24},"end":{"line":42,"column":38}},"line":42},"11":{"name":"(anonymous_11)","decl":{"start":{"line":44,"column":14},"end":{"line":44,"column":15}},"loc":{"start":{"line":44,"column":26},"end":{"line":44,"column":36}},"line":44},"12":{"name":"(anonymous_12)","decl":{"start":{"line":46,"column":16},"end":{"line":46,"column":17}},"loc":{"start":{"line":46,"column":21},"end":{"line":46,"column":42}},"line":46},"13":{"name":"(anonymous_13)","decl":{"start":{"line":46,"column":21},"end":{"line":46,"column":22}},"loc":{"start":{"line":46,"column":33},"end":{"line":46,"column":42}},"line":46},"14":{"name":"(anonymous_14)","decl":{"start":{"line":48,"column":16},"end":{"line":48,"column":17}},"loc":{"start":{"line":48,"column":28},"end":{"line":48,"column":44}},"line":48},"15":{"name":"(anonymous_15)","decl":{"start":{"line":50,"column":14},"end":{"line":50,"column":15}},"loc":{"start":{"line":50,"column":26},"end":{"line":50,"column":40}},"line":50},"16":{"name":"(anonymous_16)","decl":{"start":{"line":52,"column":13},"end":{"line":52,"column":14}},"loc":{"start":{"line":52,"column":25},"end":{"line":52,"column":37}},"line":52},"17":{"name":"(anonymous_17)","decl":{"start":{"line":54,"column":12},"end":{"line":54,"column":13}},"loc":{"start":{"line":54,"column":17},"end":{"line":54,"column":70}},"line":54},"18":{"name":"(anonymous_18)","decl":{"start":{"line":54,"column":17},"end":{"line":54,"column":18}},"loc":{"start":{"line":54,"column":29},"end":{"line":54,"column":70}},"line":54},"19":{"name":"(anonymous_19)","decl":{"start":{"line":54,"column":38},"end":{"line":54,"column":39}},"loc":{"start":{"line":54,"column":49},"end":{"line":54,"column":62}},"line":54},"20":{"name":"(anonymous_20)","decl":{"start":{"line":56,"column":12},"end":{"line":56,"column":13}},"loc":{"start":{"line":56,"column":17},"end":{"line":56,"column":70}},"line":56},"21":{"name":"(anonymous_21)","decl":{"start":{"line":56,"column":17},"end":{"line":56,"column":18}},"loc":{"start":{"line":56,"column":29},"end":{"line":56,"column":70}},"line":56},"22":{"name":"(anonymous_22)","decl":{"start":{"line":56,"column":38},"end":{"line":56,"column":39}},"loc":{"start":{"line":56,"column":49},"end":{"line":56,"column":61}},"line":56},"23":{"name":"(anonymous_23)","decl":{"start":{"line":58,"column":15},"end":{"line":58,"column":16}},"loc":{"start":{"line":58,"column":20},"end":{"line":58,"column":41}},"line":58},"24":{"name":"(anonymous_24)","decl":{"start":{"line":58,"column":20},"end":{"line":58,"column":21}},"loc":{"start":{"line":58,"column":32},"end":{"line":58,"column":41}},"line":58},"25":{"name":"(anonymous_25)","decl":{"start":{"line":62,"column":13},"end":{"line":62,"column":14}},"loc":{"start":{"line":62,"column":24},"end":{"line":62,"column":46}},"line":62},"26":{"name":"(anonymous_26)","decl":{"start":{"line":62,"column":24},"end":{"line":62,"column":25}},"loc":{"start":{"line":62,"column":36},"end":{"line":62,"column":46}},"line":62},"27":{"name":"(anonymous_27)","decl":{"start":{"line":64,"column":17},"end":{"line":64,"column":18}},"loc":{"start":{"line":64,"column":28},"end":{"line":64,"column":64}},"line":64},"28":{"name":"(anonymous_28)","decl":{"start":{"line":64,"column":28},"end":{"line":64,"column":29}},"loc":{"start":{"line":64,"column":40},"end":{"line":64,"column":64}},"line":64},"29":{"name":"(anonymous_29)","decl":{"start":{"line":66,"column":13},"end":{"line":66,"column":14}},"loc":{"start":{"line":66,"column":24},"end":{"line":66,"column":49}},"line":66},"30":{"name":"(anonymous_30)","decl":{"start":{"line":66,"column":24},"end":{"line":66,"column":25}},"loc":{"start":{"line":66,"column":36},"end":{"line":66,"column":49}},"line":66},"31":{"name":"(anonymous_31)","decl":{"start":{"line":68,"column":17},"end":{"line":68,"column":18}},"loc":{"start":{"line":68,"column":28},"end":{"line":68,"column":61}},"line":68},"32":{"name":"(anonymous_32)","decl":{"start":{"line":68,"column":28},"end":{"line":68,"column":29}},"loc":{"start":{"line":68,"column":40},"end":{"line":68,"column":61}},"line":68},"33":{"name":"(anonymous_33)","decl":{"start":{"line":70,"column":16},"end":{"line":70,"column":17}},"loc":{"start":{"line":71,"column":2},"end":{"line":74,"column":3}},"line":71},"34":{"name":"(anonymous_34)","decl":{"start":{"line":72,"column":4},"end":{"line":72,"column":5}},"loc":{"start":{"line":72,"column":15},"end":{"line":72,"column":67}},"line":72},"35":{"name":"(anonymous_35)","decl":{"start":{"line":76,"column":15},"end":{"line":76,"column":16}},"loc":{"start":{"line":76,"column":26},"end":{"line":76,"column":79}},"line":76},"36":{"name":"(anonymous_36)","decl":{"start":{"line":76,"column":26},"end":{"line":76,"column":27}},"loc":{"start":{"line":76,"column":31},"end":{"line":76,"column":79}},"line":76},"37":{"name":"(anonymous_37)","decl":{"start":{"line":76,"column":31},"end":{"line":76,"column":32}},"loc":{"start":{"line":76,"column":43},"end":{"line":76,"column":79}},"line":76},"38":{"name":"(anonymous_38)","decl":{"start":{"line":78,"column":18},"end":{"line":78,"column":19}},"loc":{"start":{"line":78,"column":29},"end":{"line":82,"column":1}},"line":78},"39":{"name":"(anonymous_39)","decl":{"start":{"line":78,"column":29},"end":{"line":78,"column":30}},"loc":{"start":{"line":78,"column":41},"end":{"line":82,"column":1}},"line":78},"40":{"name":"(anonymous_40)","decl":{"start":{"line":78,"column":41},"end":{"line":78,"column":42}},"loc":{"start":{"line":78,"column":53},"end":{"line":82,"column":1}},"line":78},"41":{"name":"(anonymous_41)","decl":{"start":{"line":84,"column":15},"end":{"line":84,"column":16}},"loc":{"start":{"line":84,"column":26},"end":{"line":88,"column":1}},"line":84},"42":{"name":"(anonymous_42)","decl":{"start":{"line":84,"column":26},"end":{"line":84,"column":27}},"loc":{"start":{"line":84,"column":31},"end":{"line":88,"column":1}},"line":84},"43":{"name":"(anonymous_43)","decl":{"start":{"line":84,"column":31},"end":{"line":84,"column":32}},"loc":{"start":{"line":84,"column":43},"end":{"line":88,"column":1}},"line":84},"44":{"name":"(anonymous_44)","decl":{"start":{"line":90,"column":19},"end":{"line":90,"column":20}},"loc":{"start":{"line":90,"column":31},"end":{"line":100,"column":3}},"line":90},"45":{"name":"(anonymous_45)","decl":{"start":{"line":90,"column":31},"end":{"line":90,"column":32}},"loc":{"start":{"line":91,"column":2},"end":{"line":100,"column":3}},"line":91},"46":{"name":"(anonymous_46)","decl":{"start":{"line":92,"column":4},"end":{"line":92,"column":5}},"loc":{"start":{"line":93,"column":6},"end":{"line":98,"column":11}},"line":93},"47":{"name":"(anonymous_47)","decl":{"start":{"line":96,"column":12},"end":{"line":96,"column":13}},"loc":{"start":{"line":96,"column":23},"end":{"line":96,"column":66}},"line":96}},"branchMap":{"0":{"loc":{"start":{"line":24,"column":11},"end":{"line":36,"column":53}},"type":"cond-expr","locations":[{"start":{"line":25,"column":8},"end":{"line":25,"column":41}},{"start":{"line":26,"column":8},"end":{"line":36,"column":53}}],"line":24},"1":{"loc":{"start":{"line":26,"column":8},"end":{"line":36,"column":53}},"type":"cond-expr","locations":[{"start":{"line":27,"column":10},"end":{"line":27,"column":42}},{"start":{"line":28,"column":10},"end":{"line":36,"column":53}}],"line":26},"2":{"loc":{"start":{"line":28,"column":10},"end":{"line":36,"column":53}},"type":"cond-expr","locations":[{"start":{"line":29,"column":12},"end":{"line":29,"column":39}},{"start":{"line":30,"column":12},"end":{"line":36,"column":53}}],"line":28},"3":{"loc":{"start":{"line":30,"column":12},"end":{"line":36,"column":53}},"type":"cond-expr","locations":[{"start":{"line":31,"column":14},"end":{"line":35,"column":15}},{"start":{"line":36,"column":14},"end":{"line":36,"column":53}}],"line":30},"4":{"loc":{"start":{"line":36,"column":14},"end":{"line":36,"column":53}},"type":"cond-expr","locations":[{"start":{"line":36,"column":35},"end":{"line":36,"column":46}},{"start":{"line":36,"column":49},"end":{"line":36,"column":53}}],"line":36},"5":{"loc":{"start":{"line":42,"column":13},"end":{"line":42,"column":19}},"type":"default-arg","locations":[{"start":{"line":42,"column":17},"end":{"line":42,"column":19}}],"line":42},"6":{"loc":{"start":{"line":44,"column":15},"end":{"line":44,"column":21}},"type":"default-arg","locations":[{"start":{"line":44,"column":19},"end":{"line":44,"column":21}}],"line":44},"7":{"loc":{"start":{"line":46,"column":22},"end":{"line":46,"column":28}},"type":"default-arg","locations":[{"start":{"line":46,"column":26},"end":{"line":46,"column":28}}],"line":46},"8":{"loc":{"start":{"line":48,"column":17},"end":{"line":48,"column":23}},"type":"default-arg","locations":[{"start":{"line":48,"column":21},"end":{"line":48,"column":23}}],"line":48},"9":{"loc":{"start":{"line":50,"column":15},"end":{"line":50,"column":21}},"type":"default-arg","locations":[{"start":{"line":50,"column":19},"end":{"line":50,"column":21}}],"line":50},"10":{"loc":{"start":{"line":52,"column":14},"end":{"line":52,"column":20}},"type":"default-arg","locations":[{"start":{"line":52,"column":18},"end":{"line":52,"column":20}}],"line":52},"11":{"loc":{"start":{"line":54,"column":18},"end":{"line":54,"column":24}},"type":"default-arg","locations":[{"start":{"line":54,"column":22},"end":{"line":54,"column":24}}],"line":54},"12":{"loc":{"start":{"line":54,"column":49},"end":{"line":54,"column":62}},"type":"cond-expr","locations":[{"start":{"line":54,"column":54},"end":{"line":54,"column":55}},{"start":{"line":54,"column":58},"end":{"line":54,"column":62}}],"line":54},"13":{"loc":{"start":{"line":56,"column":18},"end":{"line":56,"column":24}},"type":"default-arg","locations":[{"start":{"line":56,"column":22},"end":{"line":56,"column":24}}],"line":56},"14":{"loc":{"start":{"line":56,"column":49},"end":{"line":56,"column":61}},"type":"cond-expr","locations":[{"start":{"line":56,"column":53},"end":{"line":56,"column":54}},{"start":{"line":56,"column":57},"end":{"line":56,"column":61}}],"line":56},"15":{"loc":{"start":{"line":58,"column":21},"end":{"line":58,"column":27}},"type":"default-arg","locations":[{"start":{"line":58,"column":25},"end":{"line":58,"column":27}}],"line":58},"16":{"loc":{"start":{"line":62,"column":14},"end":{"line":62,"column":19}},"type":"default-arg","locations":[{"start":{"line":62,"column":18},"end":{"line":62,"column":19}}],"line":62},"17":{"loc":{"start":{"line":62,"column":25},"end":{"line":62,"column":31}},"type":"default-arg","locations":[{"start":{"line":62,"column":29},"end":{"line":62,"column":31}}],"line":62},"18":{"loc":{"start":{"line":64,"column":18},"end":{"line":64,"column":23}},"type":"default-arg","locations":[{"start":{"line":64,"column":22},"end":{"line":64,"column":23}}],"line":64},"19":{"loc":{"start":{"line":64,"column":29},"end":{"line":64,"column":35}},"type":"default-arg","locations":[{"start":{"line":64,"column":33},"end":{"line":64,"column":35}}],"line":64},"20":{"loc":{"start":{"line":66,"column":14},"end":{"line":66,"column":19}},"type":"default-arg","locations":[{"start":{"line":66,"column":18},"end":{"line":66,"column":19}}],"line":66},"21":{"loc":{"start":{"line":66,"column":25},"end":{"line":66,"column":31}},"type":"default-arg","locations":[{"start":{"line":66,"column":29},"end":{"line":66,"column":31}}],"line":66},"22":{"loc":{"start":{"line":68,"column":18},"end":{"line":68,"column":23}},"type":"default-arg","locations":[{"start":{"line":68,"column":22},"end":{"line":68,"column":23}}],"line":68},"23":{"loc":{"start":{"line":68,"column":29},"end":{"line":68,"column":35}},"type":"default-arg","locations":[{"start":{"line":68,"column":33},"end":{"line":68,"column":35}}],"line":68},"24":{"loc":{"start":{"line":70,"column":17},"end":{"line":70,"column":23}},"type":"default-arg","locations":[{"start":{"line":70,"column":21},"end":{"line":70,"column":23}}],"line":70},"25":{"loc":{"start":{"line":72,"column":15},"end":{"line":72,"column":67}},"type":"cond-expr","locations":[{"start":{"line":72,"column":34},"end":{"line":72,"column":55}},{"start":{"line":72,"column":58},"end":{"line":72,"column":67}}],"line":72},"26":{"loc":{"start":{"line":76,"column":16},"end":{"line":76,"column":21}},"type":"default-arg","locations":[{"start":{"line":76,"column":20},"end":{"line":76,"column":21}}],"line":76},"27":{"loc":{"start":{"line":76,"column":32},"end":{"line":76,"column":38}},"type":"default-arg","locations":[{"start":{"line":76,"column":36},"end":{"line":76,"column":38}}],"line":76},"28":{"loc":{"start":{"line":78,"column":19},"end":{"line":78,"column":24}},"type":"default-arg","locations":[{"start":{"line":78,"column":23},"end":{"line":78,"column":24}}],"line":78},"29":{"loc":{"start":{"line":78,"column":30},"end":{"line":78,"column":36}},"type":"default-arg","locations":[{"start":{"line":78,"column":34},"end":{"line":78,"column":36}}],"line":78},"30":{"loc":{"start":{"line":78,"column":42},"end":{"line":78,"column":48}},"type":"default-arg","locations":[{"start":{"line":78,"column":46},"end":{"line":78,"column":48}}],"line":78},"31":{"loc":{"start":{"line":84,"column":16},"end":{"line":84,"column":21}},"type":"default-arg","locations":[{"start":{"line":84,"column":20},"end":{"line":84,"column":21}}],"line":84},"32":{"loc":{"start":{"line":84,"column":32},"end":{"line":84,"column":38}},"type":"default-arg","locations":[{"start":{"line":84,"column":36},"end":{"line":84,"column":38}}],"line":84},"33":{"loc":{"start":{"line":90,"column":20},"end":{"line":90,"column":26}},"type":"default-arg","locations":[{"start":{"line":90,"column":24},"end":{"line":90,"column":26}}],"line":90},"34":{"loc":{"start":{"line":90,"column":32},"end":{"line":90,"column":38}},"type":"default-arg","locations":[{"start":{"line":90,"column":36},"end":{"line":90,"column":38}}],"line":90},"35":{"loc":{"start":{"line":93,"column":6},"end":{"line":98,"column":11}},"type":"cond-expr","locations":[{"start":{"line":94,"column":10},"end":{"line":94,"column":12}},{"start":{"line":95,"column":10},"end":{"line":98,"column":11}}],"line":93},"36":{"loc":{"start":{"line":96,"column":23},"end":{"line":96,"column":66}},"type":"cond-expr","locations":[{"start":{"line":96,"column":27},"end":{"line":96,"column":28}},{"start":{"line":96,"column":31},"end":{"line":96,"column":66}}],"line":96},"37":{"loc":{"start":{"line":96,"column":31},"end":{"line":96,"column":66}},"type":"cond-expr","locations":[{"start":{"line":96,"column":37},"end":{"line":96,"column":50}},{"start":{"line":96,"column":53},"end":{"line":96,"column":66}}],"line":96}},"s":{"0":1,"1":1,"2":30,"3":0,"4":0,"5":0,"6":0,"7":0,"8":0,"9":0,"10":0,"11":0,"12":0,"13":0,"14":30,"15":1,"16":0,"17":1,"18":0,"19":1,"20":0,"21":0,"22":1,"23":0,"24":1,"25":0,"26":1,"27":1,"28":1,"29":3,"30":3,"31":9,"32":1,"33":1,"34":1,"35":3,"36":1,"37":0,"38":0,"39":1,"40":1,"41":1,"42":1,"43":1,"44":1,"45":1,"46":1,"47":1,"48":1,"49":1,"50":1,"51":1,"52":1,"53":5,"54":11,"55":1,"56":2,"57":2,"58":2,"59":1,"60":1,"61":1,"62":1,"63":1,"64":1,"65":1,"66":1,"67":1,"68":2,"69":2,"70":4,"71":8,"72":1},"f":{"0":30,"1":0,"2":0,"3":0,"4":0,"5":0,"6":0,"7":0,"8":0,"9":0,"10":0,"11":0,"12":0,"13":0,"14":0,"15":0,"16":1,"17":3,"18":3,"19":9,"20":1,"21":1,"22":3,"23":0,"24":0,"25":1,"26":1,"27":1,"28":1,"29":1,"30":1,"31":1,"32":1,"33":5,"34":11,"35":2,"36":2,"37":2,"38":1,"39":1,"40":1,"41":1,"42":1,"43":1,"44":2,"45":2,"46":4,"47":8},"b":{"0":[12,18],"1":[3,15],"2":[3,12],"3":[2,10],"4":[3,7],"5":[0],"6":[0],"7":[0],"8":[0],"9":[0],"10":[0],"11":[0],"12":[2,7],"13":[0],"14":[1,2],"15":[0],"16":[0],"17":[0],"18":[0],"19":[0],"20":[0],"21":[0],"22":[0],"23":[0],"24":[0],"25":[4,7],"26":[0],"27":[0],"28":[0],"29":[0],"30":[0],"31":[0],"32":[0],"33":[0],"34":[0],"35":[1,3],"36":[0,8],"37":[3,5]},"_coverageSchema":"332fd63041d2c1bcb487cc26dd0d5f7d97098a6c","hash":"25a72d70b94741eb80088b023476adae17fcac96"}
,"/home/phytertek/scratch/fp/lib/function.js": {"path":"/home/phytertek/scratch/fp/lib/function.js","statementMap":{"0":{"start":{"line":1,"column":11},"end":{"line":1,"column":27}},"1":{"start":{"line":1,"column":21},"end":{"line":1,"column":27}},"2":{"start":{"line":3,"column":13},"end":{"line":12,"column":1}},"3":{"start":{"line":4,"column":15},"end":{"line":4,"column":20}},"4":{"start":{"line":6,"column":2},"end":{"line":11,"column":4}},"5":{"start":{"line":7,"column":4},"end":{"line":7,"column":30}},"6":{"start":{"line":7,"column":16},"end":{"line":7,"column":30}},"7":{"start":{"line":8,"column":4},"end":{"line":8,"column":18}},"8":{"start":{"line":9,"column":4},"end":{"line":9,"column":25}},"9":{"start":{"line":10,"column":4},"end":{"line":10,"column":18}},"10":{"start":{"line":14,"column":15},"end":{"line":19,"column":1}},"11":{"start":{"line":15,"column":17},"end":{"line":15,"column":18}},"12":{"start":{"line":16,"column":2},"end":{"line":18,"column":4}},"13":{"start":{"line":17,"column":4},"end":{"line":17,"column":20}},"14":{"start":{"line":21,"column":15},"end":{"line":21,"column":62}},"15":{"start":{"line":21,"column":20},"end":{"line":21,"column":62}},"16":{"start":{"line":21,"column":25},"end":{"line":21,"column":62}},"17":{"start":{"line":21,"column":38},"end":{"line":21,"column":62}},"18":{"start":{"line":23,"column":0},"end":{"line":28,"column":2}}},"fnMap":{"0":{"name":"(anonymous_0)","decl":{"start":{"line":1,"column":11},"end":{"line":1,"column":12}},"loc":{"start":{"line":1,"column":21},"end":{"line":1,"column":27}},"line":1},"1":{"name":"(anonymous_1)","decl":{"start":{"line":3,"column":13},"end":{"line":3,"column":14}},"loc":{"start":{"line":3,"column":19},"end":{"line":12,"column":1}},"line":3},"2":{"name":"(anonymous_2)","decl":{"start":{"line":6,"column":9},"end":{"line":6,"column":10}},"loc":{"start":{"line":6,"column":22},"end":{"line":11,"column":3}},"line":6},"3":{"name":"(anonymous_3)","decl":{"start":{"line":14,"column":15},"end":{"line":14,"column":16}},"loc":{"start":{"line":14,"column":20},"end":{"line":19,"column":1}},"line":14},"4":{"name":"(anonymous_4)","decl":{"start":{"line":16,"column":9},"end":{"line":16,"column":10}},"loc":{"start":{"line":16,"column":15},"end":{"line":18,"column":3}},"line":16},"5":{"name":"(anonymous_5)","decl":{"start":{"line":21,"column":15},"end":{"line":21,"column":16}},"loc":{"start":{"line":21,"column":20},"end":{"line":21,"column":62}},"line":21},"6":{"name":"(anonymous_6)","decl":{"start":{"line":21,"column":20},"end":{"line":21,"column":21}},"loc":{"start":{"line":21,"column":25},"end":{"line":21,"column":62}},"line":21},"7":{"name":"(anonymous_7)","decl":{"start":{"line":21,"column":25},"end":{"line":21,"column":26}},"loc":{"start":{"line":21,"column":38},"end":{"line":21,"column":62}},"line":21}},"branchMap":{"0":{"loc":{"start":{"line":7,"column":4},"end":{"line":7,"column":30}},"type":"if","locations":[{"start":{"line":7,"column":4},"end":{"line":7,"column":30}},{"start":{"line":7,"column":4},"end":{"line":7,"column":30}}],"line":7},"1":{"loc":{"start":{"line":21,"column":38},"end":{"line":21,"column":62}},"type":"binary-expr","locations":[{"start":{"line":21,"column":38},"end":{"line":21,"column":48}},{"start":{"line":21,"column":52},"end":{"line":21,"column":62}}],"line":21}},"s":{"0":1,"1":1,"2":1,"3":1,"4":1,"5":2,"6":1,"7":1,"8":1,"9":1,"10":1,"11":1,"12":1,"13":1,"14":1,"15":3,"16":3,"17":2,"18":1},"f":{"0":1,"1":1,"2":2,"3":1,"4":1,"5":3,"6":3,"7":2},"b":{"0":[1,1],"1":[2,1]},"_coverageSchema":"332fd63041d2c1bcb487cc26dd0d5f7d97098a6c","hash":"5be383c2997f40a48d7226a162e298a7eb1e76ca"}
,"/home/phytertek/scratch/fp/lib/logic.js": {"path":"/home/phytertek/scratch/fp/lib/logic.js","statementMap":{"0":{"start":{"line":1,"column":12},"end":{"line":1,"column":32}},"1":{"start":{"line":1,"column":17},"end":{"line":1,"column":32}},"2":{"start":{"line":1,"column":22},"end":{"line":1,"column":32}},"3":{"start":{"line":2,"column":0},"end":{"line":4,"column":2}}},"fnMap":{"0":{"name":"(anonymous_0)","decl":{"start":{"line":1,"column":12},"end":{"line":1,"column":13}},"loc":{"start":{"line":1,"column":17},"end":{"line":1,"column":32}},"line":1},"1":{"name":"(anonymous_1)","decl":{"start":{"line":1,"column":17},"end":{"line":1,"column":18}},"loc":{"start":{"line":1,"column":22},"end":{"line":1,"column":32}},"line":1}},"branchMap":{"0":{"loc":{"start":{"line":1,"column":22},"end":{"line":1,"column":32}},"type":"binary-expr","locations":[{"start":{"line":1,"column":22},"end":{"line":1,"column":25}},{"start":{"line":1,"column":29},"end":{"line":1,"column":32}}],"line":1}},"s":{"0":1,"1":2,"2":2,"3":1},"f":{"0":2,"1":2},"b":{"0":[2,2]},"_coverageSchema":"332fd63041d2c1bcb487cc26dd0d5f7d97098a6c","hash":"f834682d5dc2b06c293bcacda54ba618d13b2ebd"}
,"/home/phytertek/scratch/fp/lib/math.js": {"path":"/home/phytertek/scratch/fp/lib/math.js","statementMap":{"0":{"start":{"line":1,"column":17},"end":{"line":1,"column":43}},"1":{"start":{"line":1,"column":22},"end":{"line":1,"column":43}},"2":{"start":{"line":3,"column":19},"end":{"line":4,"column":55}},"3":{"start":{"line":4,"column":2},"end":{"line":4,"column":55}},"4":{"start":{"line":4,"column":24},"end":{"line":4,"column":47}},"5":{"start":{"line":6,"column":14},"end":{"line":6,"column":75}},"6":{"start":{"line":6,"column":19},"end":{"line":6,"column":75}},"7":{"start":{"line":6,"column":30},"end":{"line":6,"column":75}},"8":{"start":{"line":6,"column":42},"end":{"line":6,"column":74}},"9":{"start":{"line":8,"column":12},"end":{"line":8,"column":34}},"10":{"start":{"line":8,"column":28},"end":{"line":8,"column":33}},"11":{"start":{"line":10,"column":17},"end":{"line":10,"column":39}},"12":{"start":{"line":10,"column":33},"end":{"line":10,"column":38}},"13":{"start":{"line":12,"column":17},"end":{"line":12,"column":39}},"14":{"start":{"line":12,"column":33},"end":{"line":12,"column":38}},"15":{"start":{"line":14,"column":15},"end":{"line":14,"column":37}},"16":{"start":{"line":14,"column":31},"end":{"line":14,"column":36}},"17":{"start":{"line":16,"column":15},"end":{"line":16,"column":37}},"18":{"start":{"line":16,"column":31},"end":{"line":16,"column":36}},"19":{"start":{"line":18,"column":18},"end":{"line":18,"column":38}},"20":{"start":{"line":18,"column":29},"end":{"line":18,"column":38}},"21":{"start":{"line":20,"column":18},"end":{"line":20,"column":43}},"22":{"start":{"line":20,"column":29},"end":{"line":20,"column":43}},"23":{"start":{"line":22,"column":12},"end":{"line":23,"column":69}},"24":{"start":{"line":23,"column":2},"end":{"line":23,"column":69}},"25":{"start":{"line":23,"column":47},"end":{"line":23,"column":59}},"26":{"start":{"line":25,"column":13},"end":{"line":25,"column":55}},"27":{"start":{"line":25,"column":27},"end":{"line":25,"column":55}},"28":{"start":{"line":27,"column":15},"end":{"line":38,"column":7}},"29":{"start":{"line":28,"column":2},"end":{"line":38,"column":7}},"30":{"start":{"line":32,"column":27},"end":{"line":32,"column":53}},"31":{"start":{"line":40,"column":15},"end":{"line":40,"column":50}},"32":{"start":{"line":40,"column":27},"end":{"line":40,"column":49}},"33":{"start":{"line":42,"column":0},"end":{"line":54,"column":2}}},"fnMap":{"0":{"name":"(anonymous_0)","decl":{"start":{"line":1,"column":17},"end":{"line":1,"column":18}},"loc":{"start":{"line":1,"column":22},"end":{"line":1,"column":43}},"line":1},"1":{"name":"(anonymous_1)","decl":{"start":{"line":3,"column":19},"end":{"line":3,"column":20}},"loc":{"start":{"line":4,"column":2},"end":{"line":4,"column":55}},"line":4},"2":{"name":"(anonymous_2)","decl":{"start":{"line":4,"column":11},"end":{"line":4,"column":12}},"loc":{"start":{"line":4,"column":24},"end":{"line":4,"column":47}},"line":4},"3":{"name":"(anonymous_3)","decl":{"start":{"line":6,"column":14},"end":{"line":6,"column":15}},"loc":{"start":{"line":6,"column":19},"end":{"line":6,"column":75}},"line":6},"4":{"name":"(anonymous_4)","decl":{"start":{"line":6,"column":19},"end":{"line":6,"column":20}},"loc":{"start":{"line":6,"column":30},"end":{"line":6,"column":75}},"line":6},"5":{"name":"(anonymous_5)","decl":{"start":{"line":6,"column":30},"end":{"line":6,"column":31}},"loc":{"start":{"line":6,"column":42},"end":{"line":6,"column":74}},"line":6},"6":{"name":"(anonymous_6)","decl":{"start":{"line":8,"column":18},"end":{"line":8,"column":19}},"loc":{"start":{"line":8,"column":28},"end":{"line":8,"column":33}},"line":8},"7":{"name":"(anonymous_7)","decl":{"start":{"line":10,"column":23},"end":{"line":10,"column":24}},"loc":{"start":{"line":10,"column":33},"end":{"line":10,"column":38}},"line":10},"8":{"name":"(anonymous_8)","decl":{"start":{"line":12,"column":23},"end":{"line":12,"column":24}},"loc":{"start":{"line":12,"column":33},"end":{"line":12,"column":38}},"line":12},"9":{"name":"(anonymous_9)","decl":{"start":{"line":14,"column":21},"end":{"line":14,"column":22}},"loc":{"start":{"line":14,"column":31},"end":{"line":14,"column":36}},"line":14},"10":{"name":"(anonymous_10)","decl":{"start":{"line":16,"column":21},"end":{"line":16,"column":22}},"loc":{"start":{"line":16,"column":31},"end":{"line":16,"column":36}},"line":16},"11":{"name":"(anonymous_11)","decl":{"start":{"line":18,"column":18},"end":{"line":18,"column":19}},"loc":{"start":{"line":18,"column":29},"end":{"line":18,"column":38}},"line":18},"12":{"name":"(anonymous_12)","decl":{"start":{"line":20,"column":18},"end":{"line":20,"column":19}},"loc":{"start":{"line":20,"column":29},"end":{"line":20,"column":43}},"line":20},"13":{"name":"(anonymous_13)","decl":{"start":{"line":22,"column":12},"end":{"line":22,"column":13}},"loc":{"start":{"line":23,"column":2},"end":{"line":23,"column":69}},"line":23},"14":{"name":"(anonymous_14)","decl":{"start":{"line":23,"column":34},"end":{"line":23,"column":35}},"loc":{"start":{"line":23,"column":47},"end":{"line":23,"column":59}},"line":23},"15":{"name":"(anonymous_15)","decl":{"start":{"line":25,"column":13},"end":{"line":25,"column":14}},"loc":{"start":{"line":25,"column":27},"end":{"line":25,"column":55}},"line":25},"16":{"name":"(anonymous_16)","decl":{"start":{"line":27,"column":15},"end":{"line":27,"column":16}},"loc":{"start":{"line":28,"column":2},"end":{"line":38,"column":7}},"line":28},"17":{"name":"(anonymous_17)","decl":{"start":{"line":32,"column":16},"end":{"line":32,"column":17}},"loc":{"start":{"line":32,"column":27},"end":{"line":32,"column":53}},"line":32},"18":{"name":"(anonymous_18)","decl":{"start":{"line":40,"column":15},"end":{"line":40,"column":16}},"loc":{"start":{"line":40,"column":27},"end":{"line":40,"column":49}},"line":40}},"branchMap":{"0":{"loc":{"start":{"line":4,"column":24},"end":{"line":4,"column":47}},"type":"cond-expr","locations":[{"start":{"line":4,"column":30},"end":{"line":4,"column":41}},{"start":{"line":4,"column":44},"end":{"line":4,"column":47}}],"line":4},"1":{"loc":{"start":{"line":6,"column":20},"end":{"line":6,"column":25}},"type":"default-arg","locations":[{"start":{"line":6,"column":24},"end":{"line":6,"column":25}}],"line":6},"2":{"loc":{"start":{"line":6,"column":31},"end":{"line":6,"column":36}},"type":"default-arg","locations":[{"start":{"line":6,"column":35},"end":{"line":6,"column":36}}],"line":6},"3":{"loc":{"start":{"line":6,"column":42},"end":{"line":6,"column":74}},"type":"cond-expr","locations":[{"start":{"line":6,"column":61},"end":{"line":6,"column":68}},{"start":{"line":6,"column":71},"end":{"line":6,"column":74}}],"line":6},"4":{"loc":{"start":{"line":18,"column":19},"end":{"line":18,"column":24}},"type":"default-arg","locations":[{"start":{"line":18,"column":23},"end":{"line":18,"column":24}}],"line":18},"5":{"loc":{"start":{"line":20,"column":19},"end":{"line":20,"column":24}},"type":"default-arg","locations":[{"start":{"line":20,"column":23},"end":{"line":20,"column":24}}],"line":20},"6":{"loc":{"start":{"line":22,"column":13},"end":{"line":22,"column":21}},"type":"default-arg","locations":[{"start":{"line":22,"column":19},"end":{"line":22,"column":21}}],"line":22},"7":{"loc":{"start":{"line":23,"column":2},"end":{"line":23,"column":69}},"type":"cond-expr","locations":[{"start":{"line":23,"column":23},"end":{"line":23,"column":63}},{"start":{"line":23,"column":66},"end":{"line":23,"column":69}}],"line":23},"8":{"loc":{"start":{"line":25,"column":14},"end":{"line":25,"column":22}},"type":"default-arg","locations":[{"start":{"line":25,"column":20},"end":{"line":25,"column":22}}],"line":25},"9":{"loc":{"start":{"line":27,"column":16},"end":{"line":27,"column":24}},"type":"default-arg","locations":[{"start":{"line":27,"column":22},"end":{"line":27,"column":24}}],"line":27},"10":{"loc":{"start":{"line":28,"column":2},"end":{"line":38,"column":7}},"type":"cond-expr","locations":[{"start":{"line":29,"column":6},"end":{"line":37,"column":7}},{"start":{"line":38,"column":6},"end":{"line":38,"column":7}}],"line":28},"11":{"loc":{"start":{"line":32,"column":27},"end":{"line":32,"column":53}},"type":"cond-expr","locations":[{"start":{"line":32,"column":35},"end":{"line":32,"column":37}},{"start":{"line":32,"column":40},"end":{"line":32,"column":53}}],"line":32},"12":{"loc":{"start":{"line":32,"column":40},"end":{"line":32,"column":53}},"type":"cond-expr","locations":[{"start":{"line":32,"column":48},"end":{"line":32,"column":49}},{"start":{"line":32,"column":52},"end":{"line":32,"column":53}}],"line":32},"13":{"loc":{"start":{"line":40,"column":16},"end":{"line":40,"column":21}},"type":"default-arg","locations":[{"start":{"line":40,"column":20},"end":{"line":40,"column":21}}],"line":40},"14":{"loc":{"start":{"line":40,"column":27},"end":{"line":40,"column":49}},"type":"cond-expr","locations":[{"start":{"line":40,"column":41},"end":{"line":40,"column":43}},{"start":{"line":40,"column":46},"end":{"line":40,"column":49}}],"line":40}},"s":{"0":1,"1":49,"2":1,"3":26,"4":52,"5":1,"6":5,"7":26,"8":26,"9":1,"10":13,"11":1,"12":2,"13":1,"14":1,"15":1,"16":3,"17":1,"18":1,"19":1,"20":1,"21":1,"22":1,"23":1,"24":5,"25":12,"26":1,"27":2,"28":1,"29":1,"30":22,"31":1,"32":2,"33":1},"f":{"0":49,"1":26,"2":52,"3":5,"4":26,"5":26,"6":13,"7":2,"8":1,"9":3,"10":1,"11":1,"12":1,"13":5,"14":12,"15":2,"16":1,"17":22,"18":2},"b":{"0":[47,5],"1":[0],"2":[0],"3":[20,6],"4":[0],"5":[0],"6":[0],"7":[4,1],"8":[0],"9":[0],"10":[1,0],"11":[14,8],"12":[7,1],"13":[0],"14":[1,1]},"_coverageSchema":"332fd63041d2c1bcb487cc26dd0d5f7d97098a6c","hash":"ecdea69fc692e853365cf57f0dfee76597374aca"}
,"/home/phytertek/scratch/fp/lib/object.js": {"path":"/home/phytertek/scratch/fp/lib/object.js","statementMap":{"0":{"start":{"line":1,"column":14},"end":{"line":1,"column":61}},"1":{"start":{"line":1,"column":26},"end":{"line":1,"column":61}},"2":{"start":{"line":1,"column":31},"end":{"line":1,"column":61}},"3":{"start":{"line":1,"column":44},"end":{"line":1,"column":60}},"4":{"start":{"line":3,"column":15},"end":{"line":4,"column":74}},"5":{"start":{"line":3,"column":27},"end":{"line":4,"column":74}},"6":{"start":{"line":4,"column":2},"end":{"line":4,"column":74}},"7":{"start":{"line":4,"column":35},"end":{"line":4,"column":68}},"8":{"start":{"line":6,"column":14},"end":{"line":9,"column":56}},"9":{"start":{"line":7,"column":2},"end":{"line":9,"column":56}},"10":{"start":{"line":11,"column":18},"end":{"line":28,"column":9}},"11":{"start":{"line":12,"column":2},"end":{"line":28,"column":9}},"12":{"start":{"line":15,"column":10},"end":{"line":17,"column":23}},"13":{"start":{"line":23,"column":12},"end":{"line":25,"column":35}},"14":{"start":{"line":30,"column":16},"end":{"line":30,"column":65}},"15":{"start":{"line":30,"column":28},"end":{"line":30,"column":65}},"16":{"start":{"line":30,"column":40},"end":{"line":30,"column":65}},"17":{"start":{"line":30,"column":52},"end":{"line":30,"column":65}},"18":{"start":{"line":32,"column":12},"end":{"line":32,"column":55}},"19":{"start":{"line":32,"column":24},"end":{"line":32,"column":55}},"20":{"start":{"line":32,"column":36},"end":{"line":32,"column":55}},"21":{"start":{"line":34,"column":15},"end":{"line":38,"column":3}},"22":{"start":{"line":35,"column":2},"end":{"line":38,"column":3}},"23":{"start":{"line":36,"column":15},"end":{"line":36,"column":56}},"24":{"start":{"line":39,"column":13},"end":{"line":39,"column":39}},"25":{"start":{"line":39,"column":25},"end":{"line":39,"column":39}},"26":{"start":{"line":41,"column":15},"end":{"line":41,"column":43}},"27":{"start":{"line":41,"column":27},"end":{"line":41,"column":43}},"28":{"start":{"line":43,"column":14},"end":{"line":43,"column":54}},"29":{"start":{"line":43,"column":26},"end":{"line":43,"column":54}},"30":{"start":{"line":43,"column":39},"end":{"line":43,"column":53}},"31":{"start":{"line":45,"column":15},"end":{"line":46,"column":72}},"32":{"start":{"line":45,"column":27},"end":{"line":46,"column":72}},"33":{"start":{"line":46,"column":2},"end":{"line":46,"column":72}},"34":{"start":{"line":46,"column":35},"end":{"line":46,"column":60}},"35":{"start":{"line":48,"column":13},"end":{"line":52,"column":3}},"36":{"start":{"line":48,"column":25},"end":{"line":52,"column":3}},"37":{"start":{"line":49,"column":2},"end":{"line":52,"column":3}},"38":{"start":{"line":50,"column":15},"end":{"line":50,"column":54}},"39":{"start":{"line":54,"column":13},"end":{"line":55,"column":59}},"40":{"start":{"line":54,"column":25},"end":{"line":55,"column":59}},"41":{"start":{"line":55,"column":2},"end":{"line":55,"column":59}},"42":{"start":{"line":55,"column":22},"end":{"line":55,"column":54}},"43":{"start":{"line":57,"column":13},"end":{"line":58,"column":60}},"44":{"start":{"line":57,"column":25},"end":{"line":58,"column":60}},"45":{"start":{"line":58,"column":2},"end":{"line":58,"column":60}},"46":{"start":{"line":58,"column":22},"end":{"line":58,"column":54}},"47":{"start":{"line":60,"column":0},"end":{"line":75,"column":2}}},"fnMap":{"0":{"name":"(anonymous_0)","decl":{"start":{"line":1,"column":14},"end":{"line":1,"column":15}},"loc":{"start":{"line":1,"column":26},"end":{"line":1,"column":61}},"line":1},"1":{"name":"(anonymous_1)","decl":{"start":{"line":1,"column":26},"end":{"line":1,"column":27}},"loc":{"start":{"line":1,"column":31},"end":{"line":1,"column":61}},"line":1},"2":{"name":"(anonymous_2)","decl":{"start":{"line":1,"column":31},"end":{"line":1,"column":32}},"loc":{"start":{"line":1,"column":44},"end":{"line":1,"column":60}},"line":1},"3":{"name":"(anonymous_3)","decl":{"start":{"line":3,"column":15},"end":{"line":3,"column":16}},"loc":{"start":{"line":3,"column":27},"end":{"line":4,"column":74}},"line":3},"4":{"name":"(anonymous_4)","decl":{"start":{"line":3,"column":27},"end":{"line":3,"column":28}},"loc":{"start":{"line":4,"column":2},"end":{"line":4,"column":74}},"line":4},"5":{"name":"(anonymous_5)","decl":{"start":{"line":4,"column":24},"end":{"line":4,"column":25}},"loc":{"start":{"line":4,"column":35},"end":{"line":4,"column":68}},"line":4},"6":{"name":"(anonymous_6)","decl":{"start":{"line":6,"column":14},"end":{"line":6,"column":15}},"loc":{"start":{"line":7,"column":2},"end":{"line":9,"column":56}},"line":7},"7":{"name":"(anonymous_7)","decl":{"start":{"line":11,"column":18},"end":{"line":11,"column":19}},"loc":{"start":{"line":12,"column":2},"end":{"line":28,"column":9}},"line":12},"8":{"name":"(anonymous_8)","decl":{"start":{"line":14,"column":8},"end":{"line":14,"column":9}},"loc":{"start":{"line":15,"column":10},"end":{"line":17,"column":23}},"line":15},"9":{"name":"(anonymous_9)","decl":{"start":{"line":22,"column":10},"end":{"line":22,"column":11}},"loc":{"start":{"line":23,"column":12},"end":{"line":25,"column":35}},"line":23},"10":{"name":"(anonymous_10)","decl":{"start":{"line":30,"column":16},"end":{"line":30,"column":17}},"loc":{"start":{"line":30,"column":28},"end":{"line":30,"column":65}},"line":30},"11":{"name":"(anonymous_11)","decl":{"start":{"line":30,"column":28},"end":{"line":30,"column":29}},"loc":{"start":{"line":30,"column":40},"end":{"line":30,"column":65}},"line":30},"12":{"name":"(anonymous_12)","decl":{"start":{"line":30,"column":40},"end":{"line":30,"column":41}},"loc":{"start":{"line":30,"column":52},"end":{"line":30,"column":65}},"line":30},"13":{"name":"(anonymous_13)","decl":{"start":{"line":32,"column":12},"end":{"line":32,"column":13}},"loc":{"start":{"line":32,"column":24},"end":{"line":32,"column":55}},"line":32},"14":{"name":"(anonymous_14)","decl":{"start":{"line":32,"column":24},"end":{"line":32,"column":25}},"loc":{"start":{"line":32,"column":36},"end":{"line":32,"column":55}},"line":32},"15":{"name":"(anonymous_15)","decl":{"start":{"line":34,"column":15},"end":{"line":34,"column":16}},"loc":{"start":{"line":35,"column":2},"end":{"line":38,"column":3}},"line":35},"16":{"name":"(anonymous_16)","decl":{"start":{"line":36,"column":4},"end":{"line":36,"column":5}},"loc":{"start":{"line":36,"column":15},"end":{"line":36,"column":56}},"line":36},"17":{"name":"(anonymous_17)","decl":{"start":{"line":39,"column":13},"end":{"line":39,"column":14}},"loc":{"start":{"line":39,"column":25},"end":{"line":39,"column":39}},"line":39},"18":{"name":"(anonymous_18)","decl":{"start":{"line":41,"column":15},"end":{"line":41,"column":16}},"loc":{"start":{"line":41,"column":27},"end":{"line":41,"column":43}},"line":41},"19":{"name":"(anonymous_19)","decl":{"start":{"line":43,"column":14},"end":{"line":43,"column":15}},"loc":{"start":{"line":43,"column":26},"end":{"line":43,"column":54}},"line":43},"20":{"name":"(anonymous_20)","decl":{"start":{"line":43,"column":26},"end":{"line":43,"column":27}},"loc":{"start":{"line":43,"column":39},"end":{"line":43,"column":53}},"line":43},"21":{"name":"(anonymous_21)","decl":{"start":{"line":45,"column":15},"end":{"line":45,"column":16}},"loc":{"start":{"line":45,"column":27},"end":{"line":46,"column":72}},"line":45},"22":{"name":"(anonymous_22)","decl":{"start":{"line":45,"column":27},"end":{"line":45,"column":28}},"loc":{"start":{"line":46,"column":2},"end":{"line":46,"column":72}},"line":46},"23":{"name":"(anonymous_23)","decl":{"start":{"line":46,"column":24},"end":{"line":46,"column":25}},"loc":{"start":{"line":46,"column":35},"end":{"line":46,"column":60}},"line":46},"24":{"name":"(anonymous_24)","decl":{"start":{"line":48,"column":13},"end":{"line":48,"column":14}},"loc":{"start":{"line":48,"column":25},"end":{"line":52,"column":3}},"line":48},"25":{"name":"(anonymous_25)","decl":{"start":{"line":48,"column":25},"end":{"line":48,"column":26}},"loc":{"start":{"line":49,"column":2},"end":{"line":52,"column":3}},"line":49},"26":{"name":"(anonymous_26)","decl":{"start":{"line":50,"column":4},"end":{"line":50,"column":5}},"loc":{"start":{"line":50,"column":15},"end":{"line":50,"column":54}},"line":50},"27":{"name":"(anonymous_27)","decl":{"start":{"line":54,"column":13},"end":{"line":54,"column":14}},"loc":{"start":{"line":54,"column":25},"end":{"line":55,"column":59}},"line":54},"28":{"name":"(anonymous_28)","decl":{"start":{"line":54,"column":25},"end":{"line":54,"column":26}},"loc":{"start":{"line":55,"column":2},"end":{"line":55,"column":59}},"line":55},"29":{"name":"(anonymous_29)","decl":{"start":{"line":55,"column":11},"end":{"line":55,"column":12}},"loc":{"start":{"line":55,"column":22},"end":{"line":55,"column":54}},"line":55},"30":{"name":"(anonymous_30)","decl":{"start":{"line":57,"column":13},"end":{"line":57,"column":14}},"loc":{"start":{"line":57,"column":25},"end":{"line":58,"column":60}},"line":57},"31":{"name":"(anonymous_31)","decl":{"start":{"line":57,"column":25},"end":{"line":57,"column":26}},"loc":{"start":{"line":58,"column":2},"end":{"line":58,"column":60}},"line":58},"32":{"name":"(anonymous_32)","decl":{"start":{"line":58,"column":11},"end":{"line":58,"column":12}},"loc":{"start":{"line":58,"column":22},"end":{"line":58,"column":54}},"line":58}},"branchMap":{"0":{"loc":{"start":{"line":1,"column":15},"end":{"line":1,"column":21}},"type":"default-arg","locations":[{"start":{"line":1,"column":19},"end":{"line":1,"column":21}}],"line":1},"1":{"loc":{"start":{"line":1,"column":32},"end":{"line":1,"column":38}},"type":"default-arg","locations":[{"start":{"line":1,"column":36},"end":{"line":1,"column":38}}],"line":1},"2":{"loc":{"start":{"line":3,"column":16},"end":{"line":3,"column":22}},"type":"default-arg","locations":[{"start":{"line":3,"column":20},"end":{"line":3,"column":22}}],"line":3},"3":{"loc":{"start":{"line":3,"column":28},"end":{"line":3,"column":34}},"type":"default-arg","locations":[{"start":{"line":3,"column":32},"end":{"line":3,"column":34}}],"line":3},"4":{"loc":{"start":{"line":4,"column":35},"end":{"line":4,"column":68}},"type":"cond-expr","locations":[{"start":{"line":4,"column":45},"end":{"line":4,"column":46}},{"start":{"line":4,"column":49},"end":{"line":4,"column":68}}],"line":4},"5":{"loc":{"start":{"line":7,"column":2},"end":{"line":9,"column":56}},"type":"cond-expr","locations":[{"start":{"line":8,"column":6},"end":{"line":8,"column":12}},{"start":{"line":9,"column":6},"end":{"line":9,"column":56}}],"line":7},"6":{"loc":{"start":{"line":9,"column":6},"end":{"line":9,"column":56}},"type":"cond-expr","locations":[{"start":{"line":9,"column":44},"end":{"line":9,"column":52}},{"start":{"line":9,"column":55},"end":{"line":9,"column":56}}],"line":9},"7":{"loc":{"start":{"line":9,"column":6},"end":{"line":9,"column":41}},"type":"binary-expr","locations":[{"start":{"line":9,"column":6},"end":{"line":9,"column":27}},{"start":{"line":9,"column":31},"end":{"line":9,"column":41}}],"line":9},"8":{"loc":{"start":{"line":12,"column":2},"end":{"line":28,"column":9}},"type":"cond-expr","locations":[{"start":{"line":13,"column":6},"end":{"line":19,"column":7}},{"start":{"line":20,"column":6},"end":{"line":28,"column":9}}],"line":12},"9":{"loc":{"start":{"line":15,"column":10},"end":{"line":17,"column":23}},"type":"cond-expr","locations":[{"start":{"line":16,"column":14},"end":{"line":16,"column":34}},{"start":{"line":17,"column":14},"end":{"line":17,"column":23}}],"line":15},"10":{"loc":{"start":{"line":15,"column":10},"end":{"line":15,"column":67}},"type":"binary-expr","locations":[{"start":{"line":15,"column":11},"end":{"line":15,"column":27}},{"start":{"line":15,"column":31},"end":{"line":15,"column":52}},{"start":{"line":15,"column":57},"end":{"line":15,"column":67}}],"line":15},"11":{"loc":{"start":{"line":20,"column":6},"end":{"line":28,"column":9}},"type":"cond-expr","locations":[{"start":{"line":21,"column":8},"end":{"line":27,"column":9}},{"start":{"line":28,"column":8},"end":{"line":28,"column":9}}],"line":20},"12":{"loc":{"start":{"line":20,"column":6},"end":{"line":20,"column":41}},"type":"binary-expr","locations":[{"start":{"line":20,"column":6},"end":{"line":20,"column":27}},{"start":{"line":20,"column":31},"end":{"line":20,"column":41}}],"line":20},"13":{"loc":{"start":{"line":23,"column":12},"end":{"line":25,"column":35}},"type":"cond-expr","locations":[{"start":{"line":24,"column":16},"end":{"line":24,"column":46}},{"start":{"line":25,"column":16},"end":{"line":25,"column":35}}],"line":23},"14":{"loc":{"start":{"line":23,"column":12},"end":{"line":23,"column":78}},"type":"binary-expr","locations":[{"start":{"line":23,"column":13},"end":{"line":23,"column":32}},{"start":{"line":23,"column":36},"end":{"line":23,"column":60}},{"start":{"line":23,"column":65},"end":{"line":23,"column":78}}],"line":23},"15":{"loc":{"start":{"line":30,"column":17},"end":{"line":30,"column":23}},"type":"default-arg","locations":[{"start":{"line":30,"column":21},"end":{"line":30,"column":23}}],"line":30},"16":{"loc":{"start":{"line":30,"column":29},"end":{"line":30,"column":35}},"type":"default-arg","locations":[{"start":{"line":30,"column":33},"end":{"line":30,"column":35}}],"line":30},"17":{"loc":{"start":{"line":30,"column":41},"end":{"line":30,"column":47}},"type":"default-arg","locations":[{"start":{"line":30,"column":45},"end":{"line":30,"column":47}}],"line":30},"18":{"loc":{"start":{"line":32,"column":13},"end":{"line":32,"column":19}},"type":"default-arg","locations":[{"start":{"line":32,"column":17},"end":{"line":32,"column":19}}],"line":32},"19":{"loc":{"start":{"line":32,"column":25},"end":{"line":32,"column":31}},"type":"default-arg","locations":[{"start":{"line":32,"column":29},"end":{"line":32,"column":31}}],"line":32},"20":{"loc":{"start":{"line":34,"column":16},"end":{"line":34,"column":22}},"type":"default-arg","locations":[{"start":{"line":34,"column":20},"end":{"line":34,"column":22}}],"line":34},"21":{"loc":{"start":{"line":36,"column":36},"end":{"line":36,"column":49}},"type":"binary-expr","locations":[{"start":{"line":36,"column":36},"end":{"line":36,"column":43}},{"start":{"line":36,"column":47},"end":{"line":36,"column":49}}],"line":36},"22":{"loc":{"start":{"line":39,"column":14},"end":{"line":39,"column":20}},"type":"default-arg","locations":[{"start":{"line":39,"column":18},"end":{"line":39,"column":20}}],"line":39},"23":{"loc":{"start":{"line":41,"column":16},"end":{"line":41,"column":22}},"type":"default-arg","locations":[{"start":{"line":41,"column":20},"end":{"line":41,"column":22}}],"line":41},"24":{"loc":{"start":{"line":43,"column":15},"end":{"line":43,"column":21}},"type":"default-arg","locations":[{"start":{"line":43,"column":19},"end":{"line":43,"column":21}}],"line":43},"25":{"loc":{"start":{"line":43,"column":27},"end":{"line":43,"column":33}},"type":"default-arg","locations":[{"start":{"line":43,"column":31},"end":{"line":43,"column":33}}],"line":43},"26":{"loc":{"start":{"line":45,"column":16},"end":{"line":45,"column":22}},"type":"default-arg","locations":[{"start":{"line":45,"column":20},"end":{"line":45,"column":22}}],"line":45},"27":{"loc":{"start":{"line":45,"column":28},"end":{"line":45,"column":34}},"type":"default-arg","locations":[{"start":{"line":45,"column":32},"end":{"line":45,"column":34}}],"line":45},"28":{"loc":{"start":{"line":48,"column":14},"end":{"line":48,"column":20}},"type":"default-arg","locations":[{"start":{"line":48,"column":18},"end":{"line":48,"column":20}}],"line":48},"29":{"loc":{"start":{"line":48,"column":26},"end":{"line":48,"column":32}},"type":"default-arg","locations":[{"start":{"line":48,"column":30},"end":{"line":48,"column":32}}],"line":48},"30":{"loc":{"start":{"line":50,"column":15},"end":{"line":50,"column":54}},"type":"cond-expr","locations":[{"start":{"line":50,"column":31},"end":{"line":50,"column":32}},{"start":{"line":50,"column":35},"end":{"line":50,"column":54}}],"line":50},"31":{"loc":{"start":{"line":54,"column":14},"end":{"line":54,"column":20}},"type":"default-arg","locations":[{"start":{"line":54,"column":18},"end":{"line":54,"column":20}}],"line":54},"32":{"loc":{"start":{"line":54,"column":26},"end":{"line":54,"column":32}},"type":"default-arg","locations":[{"start":{"line":54,"column":30},"end":{"line":54,"column":32}}],"line":54},"33":{"loc":{"start":{"line":55,"column":22},"end":{"line":55,"column":54}},"type":"cond-expr","locations":[{"start":{"line":55,"column":38},"end":{"line":55,"column":42}},{"start":{"line":55,"column":45},"end":{"line":55,"column":54}}],"line":55},"34":{"loc":{"start":{"line":55,"column":22},"end":{"line":55,"column":35}},"type":"binary-expr","locations":[{"start":{"line":55,"column":22},"end":{"line":55,"column":25}},{"start":{"line":55,"column":29},"end":{"line":55,"column":35}}],"line":55},"35":{"loc":{"start":{"line":57,"column":14},"end":{"line":57,"column":20}},"type":"default-arg","locations":[{"start":{"line":57,"column":18},"end":{"line":57,"column":20}}],"line":57},"36":{"loc":{"start":{"line":57,"column":26},"end":{"line":57,"column":32}},"type":"default-arg","locations":[{"start":{"line":57,"column":30},"end":{"line":57,"column":32}}],"line":57},"37":{"loc":{"start":{"line":58,"column":22},"end":{"line":58,"column":54}},"type":"cond-expr","locations":[{"start":{"line":58,"column":31},"end":{"line":58,"column":50}},{"start":{"line":58,"column":53},"end":{"line":58,"column":54}}],"line":58}},"s":{"0":1,"1":3,"2":3,"3":3,"4":1,"5":1,"6":1,"7":2,"8":1,"9":0,"10":1,"11":14,"12":5,"13":3,"14":1,"15":4,"16":4,"17":4,"18":1,"19":2,"20":2,"21":1,"22":2,"23":5,"24":1,"25":1,"26":1,"27":1,"28":1,"29":0,"30":0,"31":1,"32":2,"33":2,"34":1,"35":1,"36":1,"37":1,"38":3,"39":1,"40":2,"41":2,"42":8,"43":1,"44":2,"45":2,"46":6,"47":1},"f":{"0":3,"1":3,"2":3,"3":1,"4":1,"5":2,"6":0,"7":14,"8":5,"9":3,"10":4,"11":4,"12":4,"13":2,"14":2,"15":2,"16":5,"17":1,"18":1,"19":0,"20":0,"21":2,"22":2,"23":1,"24":1,"25":1,"26":3,"27":2,"28":2,"29":8,"30":2,"31":2,"32":6},"b":{"0":[0],"1":[1],"2":[0],"3":[0],"4":[1,1],"5":[0,0],"6":[0,0],"7":[0,0],"8":[5,9],"9":[3,2],"10":[5,2,3],"11":[4,5],"12":[9,5],"13":[2,1],"14":[3,3,2],"15":[0],"16":[0],"17":[0],"18":[0],"19":[0],"20":[0],"21":[5,3],"22":[0],"23":[0],"24":[0],"25":[0],"26":[1],"27":[0],"28":[0],"29":[0],"30":[2,1],"31":[0],"32":[0],"33":[4,4],"34":[8,5],"35":[0],"36":[0],"37":[5,1]},"_coverageSchema":"332fd63041d2c1bcb487cc26dd0d5f7d97098a6c","hash":"aebc5bcb24b38690f4159ea69bec11a2c6579c00"}
}
