TN:
SF:/home/phytertek/scratch/fp/lib/array.js
FN:2,(anonymous_0)
FN:17,(anonymous_1)
FN:17,(anonymous_2)
FN:19,(anonymous_3)
FN:19,(anonymous_4)
FN:21,(anonymous_5)
FN:21,(anonymous_6)
FN:23,(anonymous_7)
FN:23,(anonymous_8)
FN:29,(anonymous_9)
FN:36,(anonymous_10)
FN:38,(anonymous_11)
FN:40,(anonymous_12)
FN:40,(anonymous_13)
FN:42,(anonymous_14)
FN:44,(anonymous_15)
FN:46,(anonymous_16)
FN:48,(anonymous_17)
FN:48,(anonymous_18)
FN:48,(anonymous_19)
FN:50,(anonymous_20)
FN:50,(anonymous_21)
FN:50,(anonymous_22)
FN:52,(anonymous_23)
FN:52,(anonymous_24)
FN:56,(anonymous_25)
FN:56,(anonymous_26)
FN:58,(anonymous_27)
FN:58,(anonymous_28)
FN:60,(anonymous_29)
FN:60,(anonymous_30)
FN:62,(anonymous_31)
FN:62,(anonymous_32)
FN:64,(anonymous_33)
FN:66,(anonymous_34)
FN:70,(anonymous_35)
FN:70,(anonymous_36)
FN:70,(anonymous_37)
FN:72,(anonymous_38)
FN:72,(anonymous_39)
FN:72,(anonymous_40)
FN:78,(anonymous_41)
FN:78,(anonymous_42)
FN:78,(anonymous_43)
FNF:44
FNH:27
FNDA:30,(anonymous_0)
FNDA:0,(anonymous_1)
FNDA:0,(anonymous_2)
FNDA:0,(anonymous_3)
FNDA:0,(anonymous_4)
FNDA:0,(anonymous_5)
FNDA:0,(anonymous_6)
FNDA:0,(anonymous_7)
FNDA:0,(anonymous_8)
FNDA:0,(anonymous_9)
FNDA:0,(anonymous_10)
FNDA:0,(anonymous_11)
FNDA:0,(anonymous_12)
FNDA:0,(anonymous_13)
FNDA:0,(anonymous_14)
FNDA:0,(anonymous_15)
FNDA:1,(anonymous_16)
FNDA:3,(anonymous_17)
FNDA:3,(anonymous_18)
FNDA:9,(anonymous_19)
FNDA:1,(anonymous_20)
FNDA:1,(anonymous_21)
FNDA:3,(anonymous_22)
FNDA:0,(anonymous_23)
FNDA:0,(anonymous_24)
FNDA:1,(anonymous_25)
FNDA:1,(anonymous_26)
FNDA:1,(anonymous_27)
FNDA:1,(anonymous_28)
FNDA:1,(anonymous_29)
FNDA:1,(anonymous_30)
FNDA:1,(anonymous_31)
FNDA:1,(anonymous_32)
FNDA:5,(anonymous_33)
FNDA:11,(anonymous_34)
FNDA:2,(anonymous_35)
FNDA:2,(anonymous_36)
FNDA:2,(anonymous_37)
FNDA:1,(anonymous_38)
FNDA:1,(anonymous_39)
FNDA:1,(anonymous_40)
FNDA:1,(anonymous_41)
FNDA:1,(anonymous_42)
FNDA:1,(anonymous_43)
DA:1,1
DA:3,30
DA:17,0
DA:19,0
DA:21,0
DA:23,0
DA:24,0
DA:25,0
DA:26,0
DA:29,0
DA:31,30
DA:36,1
DA:38,1
DA:40,1
DA:42,1
DA:44,1
DA:46,1
DA:48,9
DA:50,3
DA:52,1
DA:54,1
DA:56,1
DA:58,1
DA:60,1
DA:62,1
DA:64,1
DA:65,5
DA:66,11
DA:70,2
DA:72,1
DA:78,1
DA:84,1
LF:32
LH:24
BRDA:3,0,0,12
BRDA:3,0,1,18
BRDA:18,1,0,3
BRDA:18,1,1,15
BRDA:20,2,0,3
BRDA:20,2,1,12
BRDA:22,3,0,2
BRDA:22,3,1,10
BRDA:28,4,0,3
BRDA:28,4,1,7
BRDA:36,5,0,0
BRDA:38,6,0,0
BRDA:40,7,0,0
BRDA:42,8,0,0
BRDA:44,9,0,0
BRDA:46,10,0,0
BRDA:48,11,0,0
BRDA:48,12,0,2
BRDA:48,12,1,7
BRDA:50,13,0,0
BRDA:50,14,0,1
BRDA:50,14,1,2
BRDA:52,15,0,0
BRDA:56,16,0,0
BRDA:56,17,0,0
BRDA:58,18,0,0
BRDA:58,19,0,0
BRDA:60,20,0,0
BRDA:60,21,0,0
BRDA:62,22,0,0
BRDA:62,23,0,0
BRDA:64,24,0,0
BRDA:66,25,0,4
BRDA:66,25,1,7
BRDA:70,26,0,0
BRDA:70,27,0,0
BRDA:72,28,0,0
BRDA:72,29,0,0
BRDA:72,30,0,0
BRDA:78,31,0,0
BRDA:78,32,0,0
BRF:41
BRH:16
end_of_record
TN:
SF:/home/phytertek/scratch/fp/lib/function.js
FN:1,(anonymous_0)
FN:3,(anonymous_1)
FN:6,(anonymous_2)
FN:14,(anonymous_3)
FN:16,(anonymous_4)
FN:21,(anonymous_5)
FN:21,(anonymous_6)
FN:21,(anonymous_7)
FNF:8
FNH:8
FNDA:1,(anonymous_0)
FNDA:1,(anonymous_1)
FNDA:2,(anonymous_2)
FNDA:1,(anonymous_3)
FNDA:1,(anonymous_4)
FNDA:3,(anonymous_5)
FNDA:3,(anonymous_6)
FNDA:2,(anonymous_7)
DA:1,1
DA:3,1
DA:4,1
DA:6,1
DA:7,2
DA:8,1
DA:9,1
DA:10,1
DA:14,1
DA:15,1
DA:16,1
DA:17,1
DA:21,3
DA:23,1
LF:14
LH:14
BRDA:7,0,0,1
BRDA:7,0,1,1
BRDA:21,1,0,2
BRDA:21,1,1,1
BRF:4
BRH:4
end_of_record
TN:
SF:/home/phytertek/scratch/fp/lib/logic.js
FN:1,(anonymous_0)
FN:1,(anonymous_1)
FNF:2
FNH:2
FNDA:2,(anonymous_0)
FNDA:2,(anonymous_1)
DA:1,2
DA:2,1
LF:2
LH:2
BRDA:1,0,0,2
BRDA:1,0,1,2
BRF:2
BRH:2
end_of_record
TN:
SF:/home/phytertek/scratch/fp/lib/math.js
FN:1,(anonymous_0)
FN:3,(anonymous_1)
FN:4,(anonymous_2)
FN:6,(anonymous_3)
FN:6,(anonymous_4)
FN:6,(anonymous_5)
FN:8,(anonymous_6)
FN:10,(anonymous_7)
FN:12,(anonymous_8)
FN:14,(anonymous_9)
FN:16,(anonymous_10)
FN:18,(anonymous_11)
FN:20,(anonymous_12)
FN:22,(anonymous_13)
FN:23,(anonymous_14)
FN:25,(anonymous_15)
FN:27,(anonymous_16)
FN:32,(anonymous_17)
FN:40,(anonymous_18)
FNF:19
FNH:19
FNDA:49,(anonymous_0)
FNDA:26,(anonymous_1)
FNDA:52,(anonymous_2)
FNDA:5,(anonymous_3)
FNDA:26,(anonymous_4)
FNDA:26,(anonymous_5)
FNDA:13,(anonymous_6)
FNDA:2,(anonymous_7)
FNDA:1,(anonymous_8)
FNDA:3,(anonymous_9)
FNDA:1,(anonymous_10)
FNDA:1,(anonymous_11)
FNDA:1,(anonymous_12)
FNDA:5,(anonymous_13)
FNDA:12,(anonymous_14)
FNDA:2,(anonymous_15)
FNDA:1,(anonymous_16)
FNDA:22,(anonymous_17)
FNDA:2,(anonymous_18)
DA:1,49
DA:3,1
DA:4,52
DA:6,26
DA:8,13
DA:10,2
DA:12,1
DA:14,3
DA:16,1
DA:18,1
DA:20,1
DA:22,1
DA:23,12
DA:25,2
DA:27,1
DA:28,1
DA:32,22
DA:40,2
DA:42,1
LF:19
LH:19
BRDA:4,0,0,47
BRDA:4,0,1,5
BRDA:6,1,0,0
BRDA:6,2,0,0
BRDA:6,3,0,20
BRDA:6,3,1,6
BRDA:18,4,0,0
BRDA:20,5,0,0
BRDA:22,6,0,0
BRDA:23,7,0,4
BRDA:23,7,1,1
BRDA:25,8,0,0
BRDA:27,9,0,0
BRDA:28,10,0,1
BRDA:28,10,1,0
BRDA:32,11,0,14
BRDA:32,11,1,8
BRDA:32,12,0,7
BRDA:32,12,1,1
BRDA:40,13,0,0
BRDA:40,14,0,1
BRDA:40,14,1,1
BRF:22
BRH:13
end_of_record
TN:
SF:/home/phytertek/scratch/fp/lib/object.js
FN:1,(anonymous_0)
FN:1,(anonymous_1)
FN:1,(anonymous_2)
FN:3,(anonymous_3)
FN:3,(anonymous_4)
FN:4,(anonymous_5)
FN:6,(anonymous_6)
FN:11,(anonymous_7)
FN:14,(anonymous_8)
FN:22,(anonymous_9)
FN:30,(anonymous_10)
FN:30,(anonymous_11)
FN:30,(anonymous_12)
FN:32,(anonymous_13)
FN:32,(anonymous_14)
FN:34,(anonymous_15)
FN:36,(anonymous_16)
FN:39,(anonymous_17)
FN:41,(anonymous_18)
FN:43,(anonymous_19)
FN:43,(anonymous_20)
FN:45,(anonymous_21)
FN:45,(anonymous_22)
FN:46,(anonymous_23)
FN:48,(anonymous_24)
FN:48,(anonymous_25)
FN:50,(anonymous_26)
FN:54,(anonymous_27)
FN:54,(anonymous_28)
FN:55,(anonymous_29)
FN:57,(anonymous_30)
FN:57,(anonymous_31)
FN:58,(anonymous_32)
FNF:33
FNH:30
FNDA:3,(anonymous_0)
FNDA:3,(anonymous_1)
FNDA:3,(anonymous_2)
FNDA:1,(anonymous_3)
FNDA:1,(anonymous_4)
FNDA:2,(anonymous_5)
FNDA:0,(anonymous_6)
FNDA:14,(anonymous_7)
FNDA:5,(anonymous_8)
FNDA:3,(anonymous_9)
FNDA:4,(anonymous_10)
FNDA:4,(anonymous_11)
FNDA:4,(anonymous_12)
FNDA:2,(anonymous_13)
FNDA:2,(anonymous_14)
FNDA:2,(anonymous_15)
FNDA:5,(anonymous_16)
FNDA:1,(anonymous_17)
FNDA:1,(anonymous_18)
FNDA:0,(anonymous_19)
FNDA:0,(anonymous_20)
FNDA:2,(anonymous_21)
FNDA:2,(anonymous_22)
FNDA:1,(anonymous_23)
FNDA:1,(anonymous_24)
FNDA:1,(anonymous_25)
FNDA:3,(anonymous_26)
FNDA:2,(anonymous_27)
FNDA:2,(anonymous_28)
FNDA:8,(anonymous_29)
FNDA:2,(anonymous_30)
FNDA:2,(anonymous_31)
FNDA:6,(anonymous_32)
DA:1,3
DA:3,1
DA:4,2
DA:6,1
DA:7,0
DA:11,1
DA:12,14
DA:15,5
DA:23,3
DA:30,4
DA:32,2
DA:34,1
DA:35,2
DA:36,5
DA:39,1
DA:41,1
DA:43,1
DA:45,2
DA:46,2
DA:48,1
DA:49,1
DA:50,3
DA:54,2
DA:55,8
DA:57,2
DA:58,6
DA:60,1
LF:27
LH:26
BRDA:1,0,0,0
BRDA:1,1,0,1
BRDA:3,2,0,0
BRDA:3,3,0,0
BRDA:4,4,0,1
BRDA:4,4,1,1
BRDA:7,5,0,0
BRDA:7,5,1,0
BRDA:9,6,0,0
BRDA:9,6,1,0
BRDA:9,7,0,0
BRDA:9,7,1,0
BRDA:12,8,0,5
BRDA:12,8,1,9
BRDA:15,9,0,3
BRDA:15,9,1,2
BRDA:15,10,0,5
BRDA:15,10,1,2
BRDA:15,10,2,3
BRDA:20,11,0,4
BRDA:20,11,1,5
BRDA:20,12,0,9
BRDA:20,12,1,5
BRDA:23,13,0,2
BRDA:23,13,1,1
BRDA:23,14,0,3
BRDA:23,14,1,3
BRDA:23,14,2,2
BRDA:30,15,0,0
BRDA:30,16,0,0
BRDA:30,17,0,0
BRDA:32,18,0,0
BRDA:32,19,0,0
BRDA:34,20,0,0
BRDA:36,21,0,5
BRDA:36,21,1,3
BRDA:39,22,0,0
BRDA:41,23,0,0
BRDA:43,24,0,0
BRDA:43,25,0,0
BRDA:45,26,0,1
BRDA:45,27,0,0
BRDA:48,28,0,0
BRDA:48,29,0,0
BRDA:50,30,0,2
BRDA:50,30,1,1
BRDA:54,31,0,0
BRDA:54,32,0,0
BRDA:55,33,0,4
BRDA:55,33,1,4
BRDA:55,34,0,8
BRDA:55,34,1,5
BRDA:57,35,0,0
BRDA:57,36,0,0
BRDA:58,37,0,5
BRDA:58,37,1,1
BRF:56
BRH:30
end_of_record
