TN:
SF:/home/phytertek/scratch/fp/lib/array.js
FN:23,(anonymous_0)
FN:25,(anonymous_1)
FN:25,(anonymous_2)
FN:27,(anonymous_3)
FN:27,(anonymous_4)
FN:29,(anonymous_5)
FN:29,(anonymous_6)
FN:31,(anonymous_7)
FN:31,(anonymous_8)
FN:36,(anonymous_9)
FN:42,(anonymous_10)
FN:44,(anonymous_11)
FN:46,(anonymous_12)
FN:46,(anonymous_13)
FN:48,(anonymous_14)
FN:50,(anonymous_15)
FN:52,(anonymous_16)
FN:54,(anonymous_17)
FN:54,(anonymous_18)
FN:54,(anonymous_19)
FN:56,(anonymous_20)
FN:56,(anonymous_21)
FN:56,(anonymous_22)
FN:58,(anonymous_23)
FN:58,(anonymous_24)
FN:62,(anonymous_25)
FN:62,(anonymous_26)
FN:64,(anonymous_27)
FN:64,(anonymous_28)
FN:66,(anonymous_29)
FN:66,(anonymous_30)
FN:68,(anonymous_31)
FN:68,(anonymous_32)
FN:70,(anonymous_33)
FN:72,(anonymous_34)
FN:76,(anonymous_35)
FN:76,(anonymous_36)
FN:76,(anonymous_37)
FN:78,(anonymous_38)
FN:78,(anonymous_39)
FN:78,(anonymous_40)
FN:84,(anonymous_41)
FN:84,(anonymous_42)
FN:84,(anonymous_43)
FN:90,(anonymous_44)
FN:90,(anonymous_45)
FN:92,(anonymous_46)
FN:96,(anonymous_47)
FNF:48
FNH:31
FNDA:30,(anonymous_0)
FNDA:0,(anonymous_1)
FNDA:0,(anonymous_2)
FNDA:0,(anonymous_3)
FNDA:0,(anonymous_4)
FNDA:0,(anonymous_5)
FNDA:0,(anonymous_6)
FNDA:0,(anonymous_7)
FNDA:0,(anonymous_8)
FNDA:0,(anonymous_9)
FNDA:0,(anonymous_10)
FNDA:0,(anonymous_11)
FNDA:0,(anonymous_12)
FNDA:0,(anonymous_13)
FNDA:0,(anonymous_14)
FNDA:0,(anonymous_15)
FNDA:1,(anonymous_16)
FNDA:3,(anonymous_17)
FNDA:3,(anonymous_18)
FNDA:9,(anonymous_19)
FNDA:1,(anonymous_20)
FNDA:1,(anonymous_21)
FNDA:3,(anonymous_22)
FNDA:0,(anonymous_23)
FNDA:0,(anonymous_24)
FNDA:1,(anonymous_25)
FNDA:1,(anonymous_26)
FNDA:1,(anonymous_27)
FNDA:1,(anonymous_28)
FNDA:1,(anonymous_29)
FNDA:1,(anonymous_30)
FNDA:1,(anonymous_31)
FNDA:1,(anonymous_32)
FNDA:5,(anonymous_33)
FNDA:11,(anonymous_34)
FNDA:2,(anonymous_35)
FNDA:2,(anonymous_36)
FNDA:2,(anonymous_37)
FNDA:1,(anonymous_38)
FNDA:1,(anonymous_39)
FNDA:1,(anonymous_40)
FNDA:1,(anonymous_41)
FNDA:1,(anonymous_42)
FNDA:1,(anonymous_43)
FNDA:2,(anonymous_44)
FNDA:2,(anonymous_45)
FNDA:4,(anonymous_46)
FNDA:8,(anonymous_47)
DA:1,1
DA:22,1
DA:24,30
DA:25,0
DA:27,0
DA:29,0
DA:31,0
DA:32,0
DA:33,0
DA:34,0
DA:36,0
DA:37,30
DA:42,1
DA:44,1
DA:46,1
DA:48,1
DA:50,1
DA:52,1
DA:54,9
DA:56,3
DA:58,1
DA:60,1
DA:62,1
DA:64,1
DA:66,1
DA:68,1
DA:70,1
DA:71,5
DA:72,11
DA:76,2
DA:78,1
DA:84,1
DA:90,2
DA:91,2
DA:93,4
DA:96,8
DA:102,1
LF:37
LH:29
BRDA:24,0,0,12
BRDA:24,0,1,18
BRDA:26,1,0,3
BRDA:26,1,1,15
BRDA:28,2,0,3
BRDA:28,2,1,12
BRDA:30,3,0,2
BRDA:30,3,1,10
BRDA:36,4,0,3
BRDA:36,4,1,7
BRDA:42,5,0,0
BRDA:44,6,0,0
BRDA:46,7,0,0
BRDA:48,8,0,0
BRDA:50,9,0,0
BRDA:52,10,0,0
BRDA:54,11,0,0
BRDA:54,12,0,2
BRDA:54,12,1,7
BRDA:56,13,0,0
BRDA:56,14,0,1
BRDA:56,14,1,2
BRDA:58,15,0,0
BRDA:62,16,0,0
BRDA:62,17,0,0
BRDA:64,18,0,0
BRDA:64,19,0,0
BRDA:66,20,0,0
BRDA:66,21,0,0
BRDA:68,22,0,0
BRDA:68,23,0,0
BRDA:70,24,0,0
BRDA:72,25,0,4
BRDA:72,25,1,7
BRDA:76,26,0,0
BRDA:76,27,0,0
BRDA:78,28,0,0
BRDA:78,29,0,0
BRDA:78,30,0,0
BRDA:84,31,0,0
BRDA:84,32,0,0
BRDA:90,33,0,0
BRDA:90,34,0,0
BRDA:93,35,0,1
BRDA:93,35,1,3
BRDA:96,36,0,0
BRDA:96,36,1,8
BRDA:96,37,0,3
BRDA:96,37,1,5
BRF:49
BRH:21
end_of_record
TN:
SF:/home/phytertek/scratch/fp/lib/function.js
FN:1,(anonymous_0)
FN:3,(anonymous_1)
FN:6,(anonymous_2)
FN:14,(anonymous_3)
FN:16,(anonymous_4)
FN:21,(anonymous_5)
FN:21,(anonymous_6)
FN:21,(anonymous_7)
FNF:8
FNH:8
FNDA:1,(anonymous_0)
FNDA:1,(anonymous_1)
FNDA:2,(anonymous_2)
FNDA:1,(anonymous_3)
FNDA:1,(anonymous_4)
FNDA:3,(anonymous_5)
FNDA:3,(anonymous_6)
FNDA:2,(anonymous_7)
DA:1,1
DA:3,1
DA:4,1
DA:6,1
DA:7,2
DA:8,1
DA:9,1
DA:10,1
DA:14,1
DA:15,1
DA:16,1
DA:17,1
DA:21,3
DA:23,1
LF:14
LH:14
BRDA:7,0,0,1
BRDA:7,0,1,1
BRDA:21,1,0,2
BRDA:21,1,1,1
BRF:4
BRH:4
end_of_record
TN:
SF:/home/phytertek/scratch/fp/lib/logic.js
FN:1,(anonymous_0)
FN:1,(anonymous_1)
FNF:2
FNH:2
FNDA:2,(anonymous_0)
FNDA:2,(anonymous_1)
DA:1,2
DA:2,1
LF:2
LH:2
BRDA:1,0,0,2
BRDA:1,0,1,2
BRF:2
BRH:2
end_of_record
TN:
SF:/home/phytertek/scratch/fp/lib/math.js
FN:1,(anonymous_0)
FN:3,(anonymous_1)
FN:4,(anonymous_2)
FN:6,(anonymous_3)
FN:6,(anonymous_4)
FN:6,(anonymous_5)
FN:8,(anonymous_6)
FN:10,(anonymous_7)
FN:12,(anonymous_8)
FN:14,(anonymous_9)
FN:16,(anonymous_10)
FN:18,(anonymous_11)
FN:20,(anonymous_12)
FN:22,(anonymous_13)
FN:23,(anonymous_14)
FN:25,(anonymous_15)
FN:27,(anonymous_16)
FN:32,(anonymous_17)
FN:40,(anonymous_18)
FNF:19
FNH:19
FNDA:49,(anonymous_0)
FNDA:26,(anonymous_1)
FNDA:52,(anonymous_2)
FNDA:5,(anonymous_3)
FNDA:26,(anonymous_4)
FNDA:26,(anonymous_5)
FNDA:13,(anonymous_6)
FNDA:2,(anonymous_7)
FNDA:1,(anonymous_8)
FNDA:3,(anonymous_9)
FNDA:1,(anonymous_10)
FNDA:1,(anonymous_11)
FNDA:1,(anonymous_12)
FNDA:5,(anonymous_13)
FNDA:12,(anonymous_14)
FNDA:2,(anonymous_15)
FNDA:1,(anonymous_16)
FNDA:22,(anonymous_17)
FNDA:2,(anonymous_18)
DA:1,49
DA:3,1
DA:4,52
DA:6,26
DA:8,13
DA:10,2
DA:12,1
DA:14,3
DA:16,1
DA:18,1
DA:20,1
DA:22,1
DA:23,12
DA:25,2
DA:27,1
DA:28,1
DA:32,22
DA:40,2
DA:42,1
LF:19
LH:19
BRDA:4,0,0,47
BRDA:4,0,1,5
BRDA:6,1,0,0
BRDA:6,2,0,0
BRDA:6,3,0,20
BRDA:6,3,1,6
BRDA:18,4,0,0
BRDA:20,5,0,0
BRDA:22,6,0,0
BRDA:23,7,0,4
BRDA:23,7,1,1
BRDA:25,8,0,0
BRDA:27,9,0,0
BRDA:28,10,0,1
BRDA:28,10,1,0
BRDA:32,11,0,14
BRDA:32,11,1,8
BRDA:32,12,0,7
BRDA:32,12,1,1
BRDA:40,13,0,0
BRDA:40,14,0,1
BRDA:40,14,1,1
BRF:22
BRH:13
end_of_record
TN:
SF:/home/phytertek/scratch/fp/lib/object.js
FN:1,(anonymous_0)
FN:1,(anonymous_1)
FN:1,(anonymous_2)
FN:3,(anonymous_3)
FN:3,(anonymous_4)
FN:4,(anonymous_5)
FN:6,(anonymous_6)
FN:11,(anonymous_7)
FN:14,(anonymous_8)
FN:22,(anonymous_9)
FN:30,(anonymous_10)
FN:30,(anonymous_11)
FN:30,(anonymous_12)
FN:32,(anonymous_13)
FN:32,(anonymous_14)
FN:34,(anonymous_15)
FN:36,(anonymous_16)
FN:39,(anonymous_17)
FN:41,(anonymous_18)
FN:43,(anonymous_19)
FN:43,(anonymous_20)
FN:45,(anonymous_21)
FN:45,(anonymous_22)
FN:46,(anonymous_23)
FN:48,(anonymous_24)
FN:48,(anonymous_25)
FN:50,(anonymous_26)
FN:54,(anonymous_27)
FN:54,(anonymous_28)
FN:55,(anonymous_29)
FN:57,(anonymous_30)
FN:57,(anonymous_31)
FN:58,(anonymous_32)
FNF:33
FNH:30
FNDA:3,(anonymous_0)
FNDA:3,(anonymous_1)
FNDA:3,(anonymous_2)
FNDA:1,(anonymous_3)
FNDA:1,(anonymous_4)
FNDA:2,(anonymous_5)
FNDA:0,(anonymous_6)
FNDA:14,(anonymous_7)
FNDA:5,(anonymous_8)
FNDA:3,(anonymous_9)
FNDA:4,(anonymous_10)
FNDA:4,(anonymous_11)
FNDA:4,(anonymous_12)
FNDA:2,(anonymous_13)
FNDA:2,(anonymous_14)
FNDA:2,(anonymous_15)
FNDA:5,(anonymous_16)
FNDA:1,(anonymous_17)
FNDA:1,(anonymous_18)
FNDA:0,(anonymous_19)
FNDA:0,(anonymous_20)
FNDA:2,(anonymous_21)
FNDA:2,(anonymous_22)
FNDA:1,(anonymous_23)
FNDA:1,(anonymous_24)
FNDA:1,(anonymous_25)
FNDA:3,(anonymous_26)
FNDA:2,(anonymous_27)
FNDA:2,(anonymous_28)
FNDA:8,(anonymous_29)
FNDA:2,(anonymous_30)
FNDA:2,(anonymous_31)
FNDA:6,(anonymous_32)
DA:1,3
DA:3,1
DA:4,2
DA:6,1
DA:7,0
DA:11,1
DA:12,14
DA:15,5
DA:23,3
DA:30,4
DA:32,2
DA:34,1
DA:35,2
DA:36,5
DA:39,1
DA:41,1
DA:43,1
DA:45,2
DA:46,2
DA:48,1
DA:49,1
DA:50,3
DA:54,2
DA:55,8
DA:57,2
DA:58,6
DA:60,1
LF:27
LH:26
BRDA:1,0,0,0
BRDA:1,1,0,1
BRDA:3,2,0,0
BRDA:3,3,0,0
BRDA:4,4,0,1
BRDA:4,4,1,1
BRDA:7,5,0,0
BRDA:7,5,1,0
BRDA:9,6,0,0
BRDA:9,6,1,0
BRDA:9,7,0,0
BRDA:9,7,1,0
BRDA:12,8,0,5
BRDA:12,8,1,9
BRDA:15,9,0,3
BRDA:15,9,1,2
BRDA:15,10,0,5
BRDA:15,10,1,2
BRDA:15,10,2,3
BRDA:20,11,0,4
BRDA:20,11,1,5
BRDA:20,12,0,9
BRDA:20,12,1,5
BRDA:23,13,0,2
BRDA:23,13,1,1
BRDA:23,14,0,3
BRDA:23,14,1,3
BRDA:23,14,2,2
BRDA:30,15,0,0
BRDA:30,16,0,0
BRDA:30,17,0,0
BRDA:32,18,0,0
BRDA:32,19,0,0
BRDA:34,20,0,0
BRDA:36,21,0,5
BRDA:36,21,1,3
BRDA:39,22,0,0
BRDA:41,23,0,0
BRDA:43,24,0,0
BRDA:43,25,0,0
BRDA:45,26,0,1
BRDA:45,27,0,0
BRDA:48,28,0,0
BRDA:48,29,0,0
BRDA:50,30,0,2
BRDA:50,30,1,1
BRDA:54,31,0,0
BRDA:54,32,0,0
BRDA:55,33,0,4
BRDA:55,33,1,4
BRDA:55,34,0,8
BRDA:55,34,1,5
BRDA:57,35,0,0
BRDA:57,36,0,0
BRDA:58,37,0,5
BRDA:58,37,1,1
BRF:56
BRH:30
end_of_record
